[2015-11-26|19:12:50] HCANN000001: Hibernate Commons Annotations {4.0.5.Final}
[2015-11-26|19:12:50] HHH000412: Hibernate Core {4.3.9.Final}
[2015-11-26|19:12:50] HHH000206: hibernate.properties not found
[2015-11-26|19:12:50] HHH000021: Bytecode provider name : javassist
[2015-11-26|19:12:50] HHH000044: Configuring from URL: file:/home/doter/appNew/ChannelServer/bin/hibernate.cfg.xml
[2015-11-26|19:12:50] HHH000223: Recognized obsolete hibernate namespace http://hibernate.sourceforge.net/. Use namespace http://www.hibernate.org/dtd/ instead. Refer to Hibernate 3.6 Migration Guide!
[2015-11-26|19:12:50] HHH000041: Configured SessionFactory: null
[2015-11-26|19:12:50] HHH000342: Could not obtain connection to query metadata : Cannot create PoolableConnectionFactory (Access denied for user 'developer'@'localhost' (using password: YES))
[2015-11-26|19:12:50] HHH000400: Using dialect: org.hibernate.dialect.MySQLDialect
[2015-11-26|19:12:50] HHH000422: Disabling contextual LOB creation as connection was null
[2015-11-26|19:12:51] HHH000399: Using default transaction strategy (direct JDBC transactions)
[2015-11-26|19:12:51] HHH000397: Using ASTQueryTranslatorFactory
[2015-11-26|19:12:51] Unrecognized value for "hibernate.hbm2ddl.auto": none
[2015-11-26|19:12:51] 渠道登陆接口服务器启动...
[2015-11-26|19:14:26] 登陆请求信息:
[2015-11-26|19:14:26] 
[2015-11-26|19:53:38] HCANN000001: Hibernate Commons Annotations {4.0.5.Final}
[2015-11-26|19:53:38] HHH000412: Hibernate Core {4.3.9.Final}
[2015-11-26|19:53:38] HHH000206: hibernate.properties not found
[2015-11-26|19:53:38] HHH000021: Bytecode provider name : javassist
[2015-11-26|19:53:38] HHH000044: Configuring from URL: file:/home/doter/appNew/ChannelServer/bin/hibernate.cfg.xml
[2015-11-26|19:53:38] HHH000223: Recognized obsolete hibernate namespace http://hibernate.sourceforge.net/. Use namespace http://www.hibernate.org/dtd/ instead. Refer to Hibernate 3.6 Migration Guide!
[2015-11-26|19:53:38] HHH000041: Configured SessionFactory: null
[2015-11-26|19:53:38] HHH000342: Could not obtain connection to query metadata : Cannot create PoolableConnectionFactory (Access denied for user 'developer'@'localhost' (using password: YES))
[2015-11-26|19:53:38] HHH000400: Using dialect: org.hibernate.dialect.MySQLDialect
[2015-11-26|19:53:38] HHH000422: Disabling contextual LOB creation as connection was null
[2015-11-26|19:53:38] HHH000399: Using default transaction strategy (direct JDBC transactions)
[2015-11-26|19:53:38] HHH000397: Using ASTQueryTranslatorFactory
[2015-11-26|19:53:38] Unrecognized value for "hibernate.hbm2ddl.auto": none
[2015-11-26|19:53:39] 渠道登陆接口服务器启动...
[2015-11-26|19:53:42] 登陆请求信息:
[2015-11-26|19:53:42] channelid=1&
[2015-11-26|19:53:49] 登陆请求信息:
[2015-11-26|19:53:49] channelid=1&
[2015-11-26|19:53:50] 登陆请求信息:
[2015-11-26|19:53:50] channelid=1&
[2015-11-26|19:53:50] 登陆请求信息:
[2015-11-26|19:53:50] channelid=1&
[2015-11-26|19:53:50] 登陆请求信息:
[2015-11-26|19:53:50] channelid=1&
[2015-11-26|19:53:50] 登陆请求信息:
[2015-11-26|19:53:50] channelid=1&
[2015-11-26|19:53:51] 登陆请求信息:
[2015-11-26|19:53:51] channelid=1&
[2015-11-26|19:53:51] 登陆请求信息:
[2015-11-26|19:53:51] channelid=1&
[2015-11-26|19:53:51] 登陆请求信息:
[2015-11-26|19:53:51] channelid=1&
[2015-11-26|19:53:51] 登陆请求信息:
[2015-11-26|19:53:51] channelid=1&
[2015-11-26|19:53:51] 登陆请求信息:
[2015-11-26|19:53:51] channelid=1&
[2015-11-26|19:53:52] 登陆请求信息:
[2015-11-26|19:53:52] channelid=1&
[2015-11-26|19:53:52] 登陆请求信息:
[2015-11-26|19:53:52] channelid=1&
[2015-11-26|19:53:52] 登陆请求信息:
[2015-11-26|19:53:52] channelid=1&
[2015-11-26|19:53:52] 登陆请求信息:
[2015-11-26|19:53:52] channelid=1&
[2015-11-26|19:53:52] 登陆请求信息:
[2015-11-26|19:53:52] channelid=1&
[2015-11-26|19:53:53] 登陆请求信息:
[2015-11-26|19:53:53] channelid=1&
[2015-11-26|19:53:53] 登陆请求信息:
[2015-11-26|19:53:53] channelid=1&
[2015-11-26|19:53:53] 登陆请求信息:
[2015-11-26|19:53:53] channelid=1&
[2015-11-26|19:53:53] 登陆请求信息:
[2015-11-26|19:53:53] channelid=1&
[2015-11-26|19:53:54] 登陆请求信息:
[2015-11-26|19:53:54] channelid=1&
[2015-11-26|19:53:54] 登陆请求信息:
[2015-11-26|19:53:54] channelid=1&
[2015-11-26|19:53:54] 登陆请求信息:
[2015-11-26|19:53:54] channelid=1&
[2015-11-26|19:53:54] 登陆请求信息:
[2015-11-26|19:53:54] channelid=1&
[2015-11-26|19:53:54] 登陆请求信息:
[2015-11-26|19:53:54] channelid=1&
[2015-11-26|19:53:55] 登陆请求信息:
[2015-11-26|19:53:55] channelid=1&
[2015-11-26|19:53:55] 登陆请求信息:
[2015-11-26|19:53:55] channelid=1&
[2015-11-26|19:53:55] 登陆请求信息:
[2015-11-26|19:53:55] channelid=1&
[2015-11-26|19:53:55] 登陆请求信息:
[2015-11-26|19:53:55] channelid=1&
[2015-11-26|19:53:55] 登陆请求信息:
[2015-11-26|19:53:55] channelid=1&
[2015-11-26|19:53:56] 登陆请求信息:
[2015-11-26|19:53:56] channelid=1&
[2015-11-26|19:53:56] 登陆请求信息:
[2015-11-26|19:53:56] channelid=1&
[2015-11-26|19:53:56] 登陆请求信息:
[2015-11-26|19:53:56] channelid=1&
[2015-11-26|19:53:56] 登陆请求信息:
[2015-11-26|19:53:56] channelid=1&
[2015-11-26|19:53:57] 登陆请求信息:
[2015-11-26|19:53:57] channelid=1&
[2015-11-26|19:53:57] 登陆请求信息:
[2015-11-26|19:53:57] channelid=1&
[2015-11-26|19:53:57] 登陆请求信息:
[2015-11-26|19:53:57] channelid=1&
[2015-11-26|19:53:57] 登陆请求信息:
[2015-11-26|19:53:57] channelid=1&
[2015-11-26|19:53:58] 登陆请求信息:
[2015-11-26|19:53:58] channelid=1&
[2015-11-26|19:53:58] 登陆请求信息:
[2015-11-26|19:53:58] channelid=1&
[2015-11-26|19:53:58] 登陆请求信息:
[2015-11-26|19:53:58] channelid=1&
[2015-11-26|19:53:58] 登陆请求信息:
[2015-11-26|19:53:58] channelid=1&
[2015-11-26|19:53:58] 登陆请求信息:
[2015-11-26|19:53:58] channelid=1&
[2015-11-26|19:53:58] 登陆请求信息:
[2015-11-26|19:53:58] channelid=1&
[2015-11-26|19:53:58] 登陆请求信息:
[2015-11-26|19:53:58] channelid=1&
[2015-11-26|19:53:58] 登陆请求信息:
[2015-11-26|19:53:58] channelid=1&
[2015-11-26|19:53:58] 登陆请求信息:
[2015-11-26|19:53:58] channelid=1&
[2015-11-26|19:53:58] 登陆请求信息:
[2015-11-26|19:53:58] channelid=1&
[2015-11-26|19:53:58] 登陆请求信息:
[2015-11-26|19:53:58] channelid=1&
[2015-11-26|19:53:58] 登陆请求信息:
[2015-11-26|19:53:58] channelid=1&
[2015-11-26|19:53:58] 登陆请求信息:
[2015-11-26|19:53:58] channelid=1&
[2015-11-26|19:53:58] 登陆请求信息:
[2015-11-26|19:53:58] channelid=1&
[2015-11-26|19:53:58] 登陆请求信息:
[2015-11-26|19:53:58] channelid=1&
[2015-11-26|19:53:58] 登陆请求信息:
[2015-11-26|19:53:58] channelid=1&
[2015-11-26|19:53:58] 登陆请求信息:
[2015-11-26|19:53:58] channelid=1&
[2015-11-26|19:53:58] 登陆请求信息:
[2015-11-26|19:53:58] channelid=1&
[2015-11-26|19:53:58] 登陆请求信息:
[2015-11-26|19:53:58] channelid=1&
[2015-11-26|19:53:59] 登陆请求信息:
[2015-11-26|19:53:59] channelid=1&
[2015-11-26|19:53:59] 登陆请求信息:
[2015-11-26|19:53:59] channelid=1&
[2015-11-26|19:53:59] 登陆请求信息:
[2015-11-26|19:53:59] channelid=1&
[2015-11-26|19:53:59] 登陆请求信息:
[2015-11-26|19:53:59] channelid=1&
[2015-11-26|19:53:59] 登陆请求信息:
[2015-11-26|19:53:59] channelid=1&
[2015-11-26|19:53:59] 登陆请求信息:
[2015-11-26|19:53:59] channelid=1&
[2015-11-26|19:53:59] 登陆请求信息:
[2015-11-26|19:53:59] channelid=1&
[2015-11-26|19:53:59] 登陆请求信息:
[2015-11-26|19:53:59] channelid=1&
[2015-11-26|19:53:59] 登陆请求信息:
[2015-11-26|19:53:59] channelid=1&
[2015-11-26|19:53:59] 登陆请求信息:
[2015-11-26|19:53:59] channelid=1&
[2015-11-26|19:53:59] 登陆请求信息:
[2015-11-26|19:53:59] channelid=1&
[2015-11-26|19:53:59] 登陆请求信息:
[2015-11-26|19:53:59] channelid=1&
[2015-11-26|19:53:59] 登陆请求信息:
[2015-11-26|19:53:59] channelid=1&
[2015-11-26|19:53:59] 登陆请求信息:
[2015-11-26|19:53:59] channelid=1&
[2015-11-26|19:53:59] 登陆请求信息:
[2015-11-26|19:53:59] channelid=1&
[2015-11-26|19:53:59] 登陆请求信息:
[2015-11-26|19:53:59] channelid=1&
[2015-11-26|19:53:59] 登陆请求信息:
[2015-11-26|19:53:59] channelid=1&
[2015-11-26|19:53:59] 登陆请求信息:
[2015-11-26|19:53:59] channelid=1&
[2015-11-26|19:53:59] 登陆请求信息:
[2015-11-26|19:53:59] channelid=1&
[2015-11-26|19:53:59] 登陆请求信息:
[2015-11-26|19:53:59] channelid=1&
[2015-11-26|19:54:00] 登陆请求信息:
[2015-11-26|19:54:00] channelid=1&
[2015-11-26|19:54:00] 登陆请求信息:
[2015-11-26|19:54:00] channelid=1&
[2015-11-26|19:54:00] 登陆请求信息:
[2015-11-26|19:54:00] channelid=1&
[2015-11-26|19:54:00] 登陆请求信息:
[2015-11-26|19:54:00] channelid=1&
[2015-11-26|19:54:00] 登陆请求信息:
[2015-11-26|19:54:00] channelid=1&
[2015-11-26|19:54:00] 登陆请求信息:
[2015-11-26|19:54:00] channelid=1&
[2015-11-26|19:54:00] 登陆请求信息:
[2015-11-26|19:54:00] channelid=1&
[2015-11-26|19:54:00] 登陆请求信息:
[2015-11-26|19:54:00] channelid=1&
[2015-11-26|19:54:00] 登陆请求信息:
[2015-11-26|19:54:00] channelid=1&
[2015-11-26|19:54:00] 登陆请求信息:
[2015-11-26|19:54:00] channelid=1&
[2015-11-26|19:54:00] 登陆请求信息:
[2015-11-26|19:54:00] channelid=1&
[2015-11-26|19:54:00] 登陆请求信息:
[2015-11-26|19:54:00] channelid=1&
[2015-11-26|19:54:00] 登陆请求信息:
[2015-11-26|19:54:00] channelid=1&
[2015-11-26|19:54:00] 登陆请求信息:
[2015-11-26|19:54:00] channelid=1&
[2015-11-26|19:54:00] 登陆请求信息:
[2015-11-26|19:54:00] channelid=1&
[2015-11-26|19:54:00] 登陆请求信息:
[2015-11-26|19:54:00] channelid=1&
[2015-11-26|19:54:00] 登陆请求信息:
[2015-11-26|19:54:00] channelid=1&
[2015-11-26|19:54:00] 登陆请求信息:
[2015-11-26|19:54:00] channelid=1&
[2015-11-26|19:54:00] 登陆请求信息:
[2015-11-26|19:54:00] channelid=1&
[2015-11-26|19:54:00] 登陆请求信息:
[2015-11-26|19:54:00] channelid=1&
[2015-11-26|19:54:01] 登陆请求信息:
[2015-11-26|19:54:01] channelid=1&
[2015-11-26|19:54:01] 登陆请求信息:
[2015-11-26|19:54:01] channelid=1&
[2015-11-26|19:54:01] 登陆请求信息:
[2015-11-26|19:54:01] channelid=1&
[2015-11-26|19:54:01] 登陆请求信息:
[2015-11-26|19:54:01] channelid=1&
[2015-11-26|19:54:01] 登陆请求信息:
[2015-11-26|19:54:01] channelid=1&
[2015-11-26|19:54:01] 登陆请求信息:
[2015-11-26|19:54:01] channelid=1&
[2015-11-26|19:54:01] 登陆请求信息:
[2015-11-26|19:54:01] channelid=1&
[2015-11-26|19:54:01] 登陆请求信息:
[2015-11-26|19:54:01] channelid=1&
[2015-11-26|19:54:01] 登陆请求信息:
[2015-11-26|19:54:01] channelid=1&
[2015-11-26|19:54:01] 登陆请求信息:
[2015-11-26|19:54:01] channelid=1&
[2015-11-26|19:54:01] 登陆请求信息:
[2015-11-26|19:54:01] channelid=1&
[2015-11-26|19:54:01] 登陆请求信息:
[2015-11-26|19:54:01] channelid=1&
[2015-11-26|19:54:01] 登陆请求信息:
[2015-11-26|19:54:01] channelid=1&
[2015-11-26|19:54:01] 登陆请求信息:
[2015-11-26|19:54:01] channelid=1&
[2015-11-26|19:54:01] 登陆请求信息:
[2015-11-26|19:54:01] channelid=1&
[2015-11-26|19:54:01] 登陆请求信息:
[2015-11-26|19:54:01] channelid=1&
[2015-11-26|19:54:14] 328735190 登陆超时(32147)
[2015-11-26|19:54:24] 1120626066 登陆超时(30785)
[2015-11-26|19:54:24] 1813091578 登陆超时(34887)
[2015-11-26|19:54:24] 1442513867 登陆超时(32901)
[2015-11-26|19:54:24] 1256937510 登陆超时(32326)
[2015-11-26|19:54:24] 122874356 登陆超时(30591)
[2015-11-26|19:54:24] 1931830977 登陆超时(32117)
[2015-11-26|19:54:24] 925620182 登陆超时(32705)
[2015-11-26|19:54:24] 976795662 登陆超时(31719)
[2015-11-26|19:54:24] 1819605458 登陆超时(31482)
[2015-11-26|19:54:24] 1388874203 登陆超时(33092)
[2015-11-26|19:54:24] 1677253142 登陆超时(31933)
[2015-11-26|19:54:24] 16655857 登陆超时(30403)
[2015-11-26|19:54:24] 1622002184 登陆超时(33309)
[2015-11-26|19:54:24] 942734247 登陆超时(33803)
[2015-11-26|19:54:24] 1870722337 登陆超时(34168)
[2015-11-26|19:54:24] 418586223 登陆超时(30161)
[2015-11-26|19:54:24] 512288623 登陆超时(31236)
[2015-11-26|19:54:24] 773799263 登陆超时(30989)
[2015-11-26|19:54:24] 1411311984 登陆超时(33544)
[2015-11-26|19:54:24] 861044261 登陆超时(32513)
[2015-11-26|19:54:29] 525345877 登陆超时(30262)
[2015-11-26|19:54:29] 859612712 登陆超时(34739)
[2015-11-26|19:54:29] 1141800571 登陆超时(31861)
[2015-11-26|19:54:29] 1238576198 登陆超时(32094)
[2015-11-26|19:54:29] 1369579577 登陆超时(30326)
[2015-11-26|19:54:29] 99398319 登陆超时(30529)
[2015-11-26|19:54:29] 1115445364 登陆超时(31430)
[2015-11-26|19:54:29] 1309845292 登陆超时(31638)
[2015-11-26|19:54:29] 403905895 登陆超时(30599)
[2015-11-26|19:54:29] 1977020992 登陆超时(34955)
[2015-11-26|19:54:29] 1560029722 登陆超时(32798)
[2015-11-26|19:54:29] 538020828 登陆超时(33468)
[2015-11-26|19:54:29] 1709887850 登陆超时(34536)
[2015-11-26|19:54:29] 755914051 登陆超时(31123)
[2015-11-26|19:54:29] 1699712181 登陆超时(30128)
[2015-11-26|19:54:29] 1471287965 登陆超时(30331)
[2015-11-26|19:54:29] 2094030531 登陆超时(31185)
[2015-11-26|19:54:29] 1717561537 登陆超时(32309)
[2015-11-26|19:54:29] 102099346 登陆超时(30059)
[2015-11-26|19:54:29] 2097668611 登陆超时(34146)
[2015-11-26|19:54:29] 358261743 登陆超时(33686)
[2015-11-26|19:54:29] 1650850209 登陆超时(30122)
[2015-11-26|19:54:29] 149204005 登陆超时(32557)
[2015-11-26|19:54:29] 56712586 登陆超时(30524)
[2015-11-26|19:54:29] 747942356 登陆超时(33947)
[2015-11-26|19:54:29] 1588629843 登陆超时(33039)
[2015-11-26|19:54:29] 1597691574 登陆超时(30724)
[2015-11-26|19:54:29] 1636111995 登陆超时(34333)
[2015-11-26|19:54:29] 256818890 登陆超时(30731)
[2015-11-26|19:54:29] 262678258 登陆超时(30462)
[2015-11-26|19:54:29] 1481924529 登陆超时(33240)
[2015-11-26|19:54:29] 902871902 登陆超时(30932)
[2015-11-26|19:54:29] 43841585 登陆超时(30795)
[2015-11-26|19:54:29] 123711763 登陆超时(31061)
[2015-11-26|19:54:29] 108705543 登陆超时(30396)
[2015-11-26|19:54:29] 1440342775 登陆超时(30195)
[2015-11-26|19:54:29] 1672747621 登陆超时(30660)
[2015-11-26|19:54:29] 2066471064 登陆超时(30860)
[2015-11-26|19:54:29] 1443778150 登陆超时(30995)
[2015-11-26|19:54:29] 2073811114 登陆超时(30925)
[2015-11-26|19:54:34] 1580165196 登陆超时(34526)
[2015-11-26|19:54:34] 677732217 登陆超时(34658)
[2015-11-26|19:54:34] 2069013002 登陆超时(33048)
[2015-11-26|19:54:34] 1092371898 登陆超时(32575)
[2015-11-26|19:54:34] 181258429 登陆超时(33575)
[2015-11-26|19:54:34] 947946576 登陆超时(33179)
[2015-11-26|19:54:34] 1301897143 登陆超时(34449)
[2015-11-26|19:54:34] 273092679 登陆超时(32450)
[2015-11-26|19:54:34] 1284016820 登陆超时(33248)
[2015-11-26|19:54:34] 178415718 登陆超时(33373)
[2015-11-26|19:54:34] 1734650917 登陆超时(34181)
[2015-11-26|19:54:34] 1245814117 登陆超时(34379)
[2015-11-26|19:54:34] 403509622 登陆超时(32710)
[2015-11-26|19:54:34] 558920461 登陆超时(32775)
[2015-11-26|19:54:34] 628509201 登陆超时(32512)
[2015-11-26|19:54:34] 1338269322 登陆超时(33647)
[2015-11-26|19:54:34] 1193431236 登陆超时(33580)
[2015-11-26|19:54:34] 1680734006 登陆超时(34520)
[2015-11-26|19:54:34] 801198588 登陆超时(33447)
[2015-11-26|19:54:34] 1878390049 登陆超时(34722)
[2015-11-26|19:54:34] 1981123227 登陆超时(32984)
[2015-11-26|19:54:34] 1966439806 登陆超时(33311)
[2015-11-26|19:54:34] 1766724165 登陆超时(34174)
[2015-11-26|19:54:34] 642706340 登陆超时(33984)
[2015-11-26|19:54:34] 1900368059 登陆超时(33172)
[2015-11-26|19:54:34] 1717129281 登陆超时(32848)
[2015-11-26|19:54:34] 276913582 登陆超时(33380)
[2015-11-26|19:54:34] 1556475029 登陆超时(34920)
[2015-11-26|19:54:34] 245125563 登陆超时(34311)
[2015-11-26|19:54:34] 832604582 登陆超时(34373)
[2015-11-26|19:54:34] 308601620 登陆超时(34999)
[2015-11-26|19:54:34] 1320123767 登陆超时(34860)
[2015-11-26|19:54:34] 298032174 登陆超时(33111)
[2015-11-26|19:54:34] 1788779017 登陆超时(33512)
[2015-11-26|19:54:34] 918850935 登陆超时(33713)
[2015-11-26|19:54:34] 803949909 登陆超时(34248)
[2015-11-26|19:54:34] 1350847211 登陆超时(33913)
[2015-11-26|19:54:34] 902285803 登陆超时(32909)
[2015-11-26|19:54:34] 1409546906 登陆超时(34051)
[2015-11-26|19:54:34] 1099936602 登陆超时(34930)
[2015-11-26|19:54:34] 1145840441 登陆超时(33782)
[2015-11-26|19:54:34] 1242545580 登陆超时(32782)
[2015-11-26|19:54:34] 546115801 登陆超时(33846)
[2015-11-26|19:54:34] 1910897153 登陆超时(34731)
[2015-11-26|19:54:34] 370151217 登陆超时(32645)
[2015-11-26|19:54:34] 835778670 登陆超时(33977)
[2015-11-26|19:54:34] 829797463 登陆超时(34797)
[2015-11-26|19:54:34] 684256674 登陆超时(32977)
[2015-11-26|19:54:34] 373941710 登陆超时(33777)
[2015-11-26|19:54:34] 1669763821 登陆超时(34596)
[2015-11-26|19:54:34] 778851849 登陆超时(32584)
[2015-11-26|19:54:34] 1985511938 登陆超时(34111)
