[2016-04-16|11:29:39] 没有找到 ERROR_ProtocolError 对应的protocol handler
[2016-04-16|11:29:39] 没有找到 SERVER_Heartbeat 对应的protocol handler
[2016-04-16|11:29:39] 没有找到 SERVER_WorldServerToAccountServer 对应的protocol handler
[2016-04-16|11:29:39] 没有找到 SERVER_DispatchLogin 对应的protocol handler
[2016-04-16|11:29:39] 没有找到 SERVER_UpdateServerInfo 对应的protocol handler
[2016-04-16|11:29:39] 没有找到 SERVER_NotifyMaxPlayer 对应的protocol handler
[2016-04-16|11:29:39] 没有找到 SERVER_SyncLoad 对应的protocol handler
[2016-04-16|11:29:39] 没有找到 SERVER_AccountLogin 对应的protocol handler
[2016-04-16|11:29:39] 没有找到 SERVER_AccountLoginOk 对应的protocol handler
[2016-04-16|11:29:39] 没有找到 SERVER_SessionClosed 对应的protocol handler
[2016-04-16|11:29:39] 没有找到 SERVER_SetClientIPAddress 对应的protocol handler
[2016-04-16|11:29:39] 没有找到 SERVER_Kick 对应的protocol handler
[2016-04-16|11:29:39] 没有找到 SERVER_SyncPlayer 对应的protocol handler
[2016-04-16|11:29:39] 没有找到 SERVER_PlayerLogout 对应的protocol handler
[2016-04-16|11:29:39] 没有找到 SERVER_BroadCast 对应的protocol handler
[2016-04-16|11:29:39] 初始化ProtocolFactory错误:java.lang.ClassNotFoundException: com.app.empire.protocol.data.server.ForceBroadCast
[2016-04-16|11:29:39] 没有找到 SERVER_ShutDown 对应的protocol handler
[2016-04-16|11:29:39] 没有找到 SERVER_NotifyMaintance 对应的protocol handler
[2016-04-16|11:29:39] 没有找到 ACCOUNT_Heartbeat 对应的protocol handler
[2016-04-16|11:29:39] 没有找到 ACCOUNT_Login 对应的protocol handler
[2016-04-16|11:29:39] 没有找到 ACCOUNT_LoginOk 对应的protocol handler
[2016-04-16|11:29:39] 没有找到 ACCOUNT_RepeatLogin 对应的protocol handler
[2016-04-16|11:29:39] 没有找到 ACCOUNT_GetRoleList 对应的protocol handler
[2016-04-16|11:29:39] 没有找到 ACCOUNT_GetRoleListOK 对应的protocol handler
[2016-04-16|11:29:39] 没有找到 ACCOUNT_RoleCreate 对应的protocol handler
[2016-04-16|11:29:39] 没有找到 ACCOUNT_RoleLogin 对应的protocol handler
[2016-04-16|11:29:39] 没有找到 ACCOUNT_RoleLoginOk 对应的protocol handler
[2016-04-16|11:29:39] 没有找到 ACCOUNT_UpdatePlayerData 对应的protocol handler
[2016-04-16|11:29:39] 没有找到 ACCOUNT_GetRandomName 对应的protocol handler
[2016-04-16|11:29:39] 没有找到 ACCOUNT_GetRandomNameOk 对应的protocol handler
[2016-04-16|11:29:39] 没有找到 ACCOUNT_UpdatePlayerName 对应的protocol handler
[2016-04-16|11:29:39] 没有找到 ACCOUNT_UpdatePlayerNameOk 对应的protocol handler
[2016-04-16|11:29:39] 没有找到 ACCOUNT_SetToken 对应的protocol handler
[2016-04-16|11:29:39] 没有找到 ACCOUNT_LoginAgain 对应的protocol handler
[2016-04-16|11:29:39] 没有找到 ACCOUNT_LoginFail 对应的protocol handler
[2016-04-16|11:29:39] 没有找到 SYN_Move 对应的protocol handler
[2016-04-16|11:29:39] 没有找到 SYN_ReturnMove 对应的protocol handler
[2016-04-16|11:29:39] 没有找到 SYN_ReportPlace 对应的protocol handler
[2016-04-16|11:29:39] 没有找到 SYN_ViewPlayerData 对应的protocol handler
[2016-04-16|11:29:39] 没有找到 SYN_JumpMap 对应的protocol handler
[2016-04-16|11:29:39] 没有找到 SYN_Attack 对应的protocol handler
[2016-04-16|11:29:39] 没有找到 SYN_ReturnAttack 对应的protocol handler
[2016-04-16|11:29:39] 没有找到 CHAT_SendMessage 对应的protocol handler
[2016-04-16|11:29:39] 没有找到 CHAT_ReceiveMessage 对应的protocol handler
[2016-04-16|11:29:39] 没有找到 CHAT_ChangeChannel 对应的protocol handler
[2016-04-16|11:29:39] 没有找到 CHAT_SyncChannels 对应的protocol handler
[2016-04-16|11:29:39] 没有找到 CHAT_RemoveChannels 对应的protocol handler
[2016-04-16|11:29:39] 初始化ProtocolFactory错误:java.lang.ClassNotFoundException: com.app.empire.protocol.data.system.NOP
[2016-04-16|11:29:39] 初始化ProtocolFactory错误:java.lang.ClassNotFoundException: com.app.empire.protocol.data.system.SYNC
[2016-04-16|11:29:39] 初始化ProtocolFactory错误:java.lang.ClassNotFoundException: com.app.empire.protocol.data.system.HttpClose
[2016-04-16|11:29:39] 没有找到 SYSTEM_ShakeHands 对应的protocol handler
[2016-04-16|11:29:39] 没有找到 SYSTEM_TopHands 对应的protocol handler
[2016-04-16|11:29:39] 没有找到 SYSTEM_GetIslandState 对应的protocol handler
[2016-04-16|11:29:39] 没有找到 SYSTEM_GetIslandStateOk 对应的protocol handler
[2016-04-16|11:29:39] 没有找到 SYSTEM_GetSystemInfo 对应的protocol handler
[2016-04-16|11:29:39] 没有找到 SYSTEM_GetSystemInfoOk 对应的protocol handler
[2016-04-16|11:29:39] 没有找到 SYSTEM_GetNoviceRemark 对应的protocol handler
[2016-04-16|11:29:39] 没有找到 SYSTEM_GetNoviceRemarkOk 对应的protocol handler
[2016-04-16|11:29:39] 没有找到 SYSTEM_GetItemPriceAndVip 对应的protocol handler
[2016-04-16|11:29:39] 没有找到 SYSTEM_GetItemPriceAndVipOk 对应的protocol handler
[2016-04-16|11:29:39] 没有找到 SYSTEM_EarthPush 对应的protocol handler
[2016-04-16|11:29:39] 没有找到 SYSTEM_BattleShakeHands 对应的protocol handler
[2016-04-16|11:29:39] 没有找到 SYSTEM_GetPayAppRewardList 对应的protocol handler
[2016-04-16|11:29:39] 没有找到 SYSTEM_GetPayAppRewardListOk 对应的protocol handler
[2016-04-16|11:29:39] 没有找到 SYSTEM_GetPayAppReward 对应的protocol handler
[2016-04-16|11:29:39] 没有找到 SYSTEM_GetPayAppRewardOk 对应的protocol handler
[2016-04-16|11:29:39] 没有找到 SYSTEM_GetKeyProcess 对应的protocol handler
[2016-04-16|11:29:39] 没有找到 SYSTEM_GetKeyProcessOk 对应的protocol handler
[2016-04-16|11:29:39] 没有找到 MAIL_GetMailList 对应的protocol handler
[2016-04-16|11:29:39] 没有找到 MAIL_GetMailListOk 对应的protocol handler
[2016-04-16|11:29:39] 没有找到 MAIL_LockMail 对应的protocol handler
[2016-04-16|11:29:39] 没有找到 MAIL_LockMailOk 对应的protocol handler
[2016-04-16|11:29:39] 没有找到 MAIL_ReceiveMail 对应的protocol handler
[2016-04-16|11:29:39] 没有找到 MAIL_ReceiveMailOk 对应的protocol handler
[2016-04-16|11:29:39] 没有找到 MAIL_DelMail 对应的protocol handler
[2016-04-16|11:29:39] 没有找到 MAIL_DelMailOk 对应的protocol handler
[2016-04-16|11:29:39] 没有找到 MAIL_NewMail 对应的protocol handler
[2016-04-16|11:29:39] 没有找到 BULLETIN_GetBulletin 对应的protocol handler
[2016-04-16|11:29:39] 没有找到 BULLETIN_GetBulletinOk 对应的protocol handler
[2016-04-16|11:29:39] 没有找到 BULLETIN_GetAbout 对应的protocol handler
[2016-04-16|11:29:39] 没有找到 BULLETIN_GetAboutOk 对应的protocol handler
[2016-04-16|11:29:39] 没有找到 BULLETIN_GetHelp 对应的protocol handler
[2016-04-16|11:29:39] 没有找到 BULLETIN_GetHelpOk 对应的protocol handler
[2016-04-16|11:29:39] 没有找到 BULLETIN_GetWeiboInfo 对应的protocol handler
[2016-04-16|11:29:39] 没有找到 BULLETIN_GetWeiboInfoOk 对应的protocol handler
[2016-04-16|11:29:39] 没有找到 BULLETIN_WeiboShare 对应的protocol handler
[2016-04-16|11:29:39] 没有找到 PURCHASE_GetProductIdList 对应的protocol handler
[2016-04-16|11:29:39] 没有找到 PURCHASE_SendProductIdList 对应的protocol handler
[2016-04-16|11:29:39] 没有找到 PURCHASE_IOSSendProductCheckInfo 对应的protocol handler
[2016-04-16|11:29:39] 没有找到 PURCHASE_BuySuccess 对应的protocol handler
[2016-04-16|11:29:39] 没有找到 PURCHASE_BuyFailed 对应的protocol handler
[2016-04-16|11:29:39] 没有找到 PURCHASE_AndroidSendProductCheckInfo 对应的protocol handler
[2016-04-16|11:29:39] 没有找到 PURCHASE_SendProductId 对应的protocol handler
[2016-04-16|11:29:39] 没有找到 PURCHASE_GetRuleList 对应的protocol handler
[2016-04-16|11:29:39] 没有找到 PURCHASE_GetRuleListOk 对应的protocol handler
[2016-04-16|11:29:39] 没有找到 PURCHASE_GetCallBackUri 对应的protocol handler
[2016-04-16|11:29:39] 没有找到 PURCHASE_GetCallBackUriOk 对应的protocol handler
[2016-04-16|11:29:39] 没有找到 PURCHASE_RequestSmsCodeSerialid 对应的protocol handler
[2016-04-16|11:29:39] 没有找到 PURCHASE_RequestSmsCodeSerialidOk 对应的protocol handler
[2016-04-16|11:29:39] 没有找到 PURCHASE_SubmitSMSProduct 对应的protocol handler
[2016-04-16|11:29:39] 没有找到 PURCHASE_SMSProductBuySuccess 对应的protocol handler
[2016-04-16|11:29:39] 没有找到 HERO_UpdateHeroData 对应的protocol handler
[2016-04-16|11:29:39] 没有找到 HERO_GetHeroList 对应的protocol handler
[2016-04-16|11:29:39] 没有找到 HERO_GetHeroListOK 对应的protocol handler
[2016-04-16|11:29:39] 没有找到 HERO_GetSkillList 对应的protocol handler
[2016-04-16|11:29:39] 没有找到 HERO_GetSkillListOK 对应的protocol handler
[2016-04-16|11:29:39] 没有找到 HERO_StudySkill 对应的protocol handler
[2016-04-16|11:29:39] 没有找到 HERO_StudySkillOK 对应的protocol handler
[2016-04-16|11:29:39] 没有找到 HERO_ResetSkill 对应的protocol handler
[2016-04-16|11:29:39] 没有找到 HERO_ResetSkillOK 对应的protocol handler
[2016-04-16|11:29:39] 没有找到 HERO_UseGoods 对应的protocol handler
[2016-04-16|11:29:39] 没有找到 HERO_UseGoodsOK 对应的protocol handler
[2016-04-16|11:29:39] 没有找到 EQUIP_GetEquipList 对应的protocol handler
[2016-04-16|11:29:39] 没有找到 EQUIP_GetEquipListOk 对应的protocol handler
[2016-04-16|11:29:39] 没有找到 EQUIP_WearEquip 对应的protocol handler
[2016-04-16|11:29:39] 没有找到 EQUIP_WearEquipOk 对应的protocol handler
[2016-04-16|11:29:39] 没有找到 EQUIP_MergeEquip 对应的protocol handler
[2016-04-16|11:29:39] 没有找到 EQUIP_MergeEquipOk 对应的protocol handler
[2016-04-16|11:29:39] 没有找到 EQUIP_RefineEquip 对应的protocol handler
[2016-04-16|11:29:39] 没有找到 EQUIP_RefineEquipOk 对应的protocol handler
[2016-04-16|11:29:39] 没有找到 EQUIP_ActivateAchieve 对应的protocol handler
[2016-04-16|11:29:39] 没有找到 EQUIP_ActivateAchieveOk 对应的protocol handler
[2016-04-16|11:29:39] 没有找到 BACKPACK_UpdateGoodsData 对应的protocol handler
[2016-04-16|11:29:39] 没有找到 BACKPACK_GetBackpackList 对应的protocol handler
[2016-04-16|11:29:39] 没有找到 BACKPACK_GetBackpackListOk 对应的protocol handler
[2016-04-16|11:29:39] 没有找到 BACKPACK_UseGoods 对应的protocol handler
[2016-04-16|11:29:39] 没有找到 BACKPACK_UseGoodsOk 对应的protocol handler
[2016-04-16|11:29:39] 没有找到 BACKPACK_SellGoods 对应的protocol handler
[2016-04-16|11:29:39] 没有找到 BACKPACK_SellGoodsOk 对应的protocol handler
[2016-04-16|11:29:39] 没有找到 COPYMAP_GetList 对应的protocol handler
[2016-04-16|11:29:39] 没有找到 COPYMAP_GetListOK 对应的protocol handler
[2016-04-16|11:29:39] 没有找到 COPYMAP_AcessCopyMap 对应的protocol handler
[2016-04-16|11:29:39] 没有找到 COPYMAP_AcessCopyMapOk 对应的protocol handler
[2016-04-16|11:29:39] 没有找到 COPYMAP_CompleteCopyMap 对应的protocol handler
[2016-04-16|11:29:39] 没有找到 COPYMAP_CompleteCopyMapOk 对应的protocol handler
[2016-04-16|11:29:39] 没有找到 COPYMAP_SaveTeam 对应的protocol handler
[2016-04-16|11:29:39] 没有找到 COPYMAP_SaveTeamOk 对应的protocol handler
[2016-04-16|11:29:39] 没有找到 COPYMAP_GetTeam 对应的protocol handler
[2016-04-16|11:29:39] 没有找到 COPYMAP_GetTeamOk 对应的protocol handler
[2016-04-16|11:29:39] 没有找到 PVPROOM_RoomPlayerInfo 对应的protocol handler
[2016-04-16|11:29:39] 没有找到 PVPROOM_GetRoomList 对应的protocol handler
[2016-04-16|11:29:39] 没有找到 PVPROOM_GetRoomListOk 对应的protocol handler
[2016-04-16|11:29:39] 没有找到 PVPROOM_CreateRoom 对应的protocol handler
[2016-04-16|11:29:39] 没有找到 PVPROOM_CreateRoomOk 对应的protocol handler
[2016-04-16|11:29:39] 没有找到 PVPROOM_IntoRoom 对应的protocol handler
[2016-04-16|11:29:39] 没有找到 PVPROOM_IntoRoomOk 对应的protocol handler
[2016-04-16|11:29:39] 没有找到 PVPROOM_OutRoom 对应的protocol handler
[2016-04-16|11:29:39] 没有找到 PVPROOM_OutRoomOk 对应的protocol handler
[2016-04-16|11:29:39] 没有找到 PVPROOM_Start 对应的protocol handler
[2016-04-16|11:29:39] 没有找到 PVPROOM_LoadComplete 对应的protocol handler
[2016-04-16|11:29:39] 没有找到 PVPROOM_LoadCompleteOk 对应的protocol handler
[2016-04-16|11:29:39] 没有找到 PVPROOM_StartStatus 对应的protocol handler
[2016-04-16|11:29:39] 没有找到 SHOP_GetShop 对应的protocol handler
[2016-04-16|11:29:39] 没有找到 SHOP_GetShopOk 对应的protocol handler
[2016-04-16|11:29:39] 没有找到 SHOP_Buy 对应的protocol handler
[2016-04-16|11:29:39] 没有找到 SHOP_BuyOk 对应的protocol handler
[2016-04-16|11:29:39] 没有找到 SHOP_Refresh 对应的protocol handler
[2016-04-16|11:29:39] 没有找到 SHOP_RefreshOk 对应的protocol handler
[2016-04-16|11:29:39] 没有找到 NPC_GetNpc 对应的protocol handler
[2016-04-16|11:29:39] 没有找到 NPC_GetNpcOK 对应的protocol handler
[2016-04-16|11:29:39] 没有找到 NPC_Upgrade 对应的protocol handler
[2016-04-16|11:29:39] 没有找到 NPC_UpgradeOK 对应的protocol handler
[2016-04-16|11:29:39] 没有找到 NPC_Buy 对应的protocol handler
[2016-04-16|11:29:39] 没有找到 NPC_BuyOK 对应的protocol handler
[2016-04-16|11:29:39] 没有找到 NPC_Receive 对应的protocol handler
[2016-04-16|11:29:39] 没有找到 NPC_ReceiveOK 对应的protocol handler
[2016-04-16|11:29:39] 初始化ProtocolFactory错误:java.lang.ClassNotFoundException: com.app.empire.protocol.data.pvp.Skill
[2016-04-16|11:29:39] 没有找到 AI_CommandMessage 对应的protocol handler
[2016-04-16|11:29:39] 没有找到 ERRORLOG_GetLogList 对应的protocol handler
[2016-04-16|11:29:39] 没有找到 ERRORLOG_SendLogList 对应的protocol handler
[2016-04-16|11:29:39] 没有找到 ERRORLOG_GetLog 对应的protocol handler
[2016-04-16|11:29:39] 没有找到 ERRORLOG_SendLog 对应的protocol handler
[2016-04-16|11:29:39] 没有找到 ERRORCODE_GetList 对应的protocol handler
[2016-04-16|11:29:39] 没有找到 ERRORCODE_GetListOk 对应的protocol handler
[2016-04-16|11:29:39] 没有找到 ERRORCODE_CheckList 对应的protocol handler
[2016-04-16|11:29:39] 没有找到 ERRORCODE_CheckOk 对应的protocol handler
[2016-04-16|11:29:39] 没有找到 ERRORCODE_GetSmsCodeList 对应的protocol handler
[2016-04-16|11:29:39] 没有找到 ERRORCODE_GetSmsCodeListOk 对应的protocol handler
[2016-04-16|11:29:39] 没有找到 ERRORCODE_GetSmsCodeNewList 对应的protocol handler
[2016-04-16|11:29:39] 没有找到 ERRORCODE_GetSmsCodeNewListOk 对应的protocol handler
[2016-04-16|11:29:39] 没有找到 TEST_Test 对应的protocol handler
[2016-04-16|11:29:39] TimeControlProcessor Control start.
[2016-04-16|11:29:39] load trustip.txt
[2016-04-16|11:29:39] add trustIpService: com.app.dispatch.TrustIpService@a499eb5
[2016-04-16|11:29:39] binded
[2016-04-16|11:29:39] 数据分发服务器启动完成  -- 端口:19990
[2016-04-16|11:30:13] SyncTime[0] ONLINE[0] MAX[1500]
[2016-04-16|11:30:14] ok:192.168.1.80
[2016-04-16|11:30:39] ONLINE Session[1]
[2016-04-16|11:31:13] SyncTime[2] ONLINE[0] MAX[1500]
[2016-04-16|11:31:39] ONLINE Session[0]
[2016-04-16|11:32:13] SyncTime[0] ONLINE[0] MAX[1500]
[2016-04-16|11:32:39] ONLINE Session[0]
[2016-04-16|11:33:13] SyncTime[0] ONLINE[0] MAX[1500]
[2016-04-16|11:33:39] ONLINE Session[0]
[2016-04-16|11:34:13] SyncTime[0] ONLINE[0] MAX[1500]
[2016-04-16|11:34:39] ONLINE Session[0]
[2016-04-16|11:35:13] SyncTime[1] ONLINE[0] MAX[1500]
[2016-04-16|11:35:39] ONLINE Session[0]
[2016-04-16|11:36:13] SyncTime[0] ONLINE[0] MAX[1500]
[2016-04-16|11:36:39] ONLINE Session[0]
[2016-04-16|11:37:13] SyncTime[0] ONLINE[0] MAX[1500]
[2016-04-16|11:37:39] ONLINE Session[0]
[2016-04-16|11:38:13] SyncTime[0] ONLINE[0] MAX[1500]
[2016-04-16|11:38:39] ONLINE Session[0]
[2016-04-16|11:39:13] SyncTime[0] ONLINE[0] MAX[1500]
[2016-04-16|11:39:39] ONLINE Session[0]
[2016-04-16|11:40:13] SyncTime[1] ONLINE[0] MAX[1500]
[2016-04-16|11:40:39] ONLINE Session[0]
[2016-04-16|11:41:13] SyncTime[0] ONLINE[0] MAX[1500]
[2016-04-16|11:41:39] ONLINE Session[0]
[2016-04-16|11:42:13] SyncTime[0] ONLINE[0] MAX[1500]
[2016-04-16|11:42:39] ONLINE Session[0]
[2016-04-16|11:43:13] SyncTime[0] ONLINE[0] MAX[1500]
[2016-04-16|11:43:39] ONLINE Session[0]
[2016-04-16|11:44:13] SyncTime[0] ONLINE[0] MAX[1500]
[2016-04-16|11:44:39] ONLINE Session[0]
[2016-04-16|11:45:13] SyncTime[0] ONLINE[0] MAX[1500]
[2016-04-16|11:45:39] ONLINE Session[0]
[2016-04-16|11:46:13] SyncTime[0] ONLINE[0] MAX[1500]
[2016-04-16|11:46:39] ONLINE Session[0]
[2016-04-16|11:47:13] SyncTime[0] ONLINE[0] MAX[1500]
[2016-04-16|11:47:39] ONLINE Session[0]
[2016-04-16|11:48:13] SyncTime[0] ONLINE[0] MAX[1500]
[2016-04-16|11:48:39] ONLINE Session[0]
[2016-04-16|11:49:13] SyncTime[1] ONLINE[0] MAX[1500]
[2016-04-16|11:49:39] ONLINE Session[0]
[2016-04-16|11:50:13] SyncTime[0] ONLINE[0] MAX[1500]
[2016-04-16|11:50:39] ONLINE Session[0]
[2016-04-16|11:51:13] SyncTime[0] ONLINE[0] MAX[1500]
[2016-04-16|11:51:39] ONLINE Session[0]
[2016-04-16|11:52:13] SyncTime[0] ONLINE[0] MAX[1500]
[2016-04-16|11:52:39] ONLINE Session[0]
[2016-04-16|11:53:13] SyncTime[0] ONLINE[0] MAX[1500]
[2016-04-16|11:53:39] ONLINE Session[0]
[2016-04-16|11:54:13] SyncTime[0] ONLINE[0] MAX[1500]
[2016-04-16|11:54:39] ONLINE Session[0]
[2016-04-16|11:55:13] SyncTime[0] ONLINE[0] MAX[1500]
[2016-04-16|11:55:39] ONLINE Session[0]
[2016-04-16|11:56:13] SyncTime[0] ONLINE[0] MAX[1500]
[2016-04-16|11:56:39] ONLINE Session[0]
[2016-04-16|11:57:13] SyncTime[0] ONLINE[0] MAX[1500]
[2016-04-16|11:57:39] ONLINE Session[0]
[2016-04-16|11:58:13] SyncTime[0] ONLINE[0] MAX[1500]
[2016-04-16|11:58:39] ONLINE Session[0]
[2016-04-16|11:59:13] SyncTime[0] ONLINE[0] MAX[1500]
[2016-04-16|11:59:39] ONLINE Session[0]
[2016-04-16|12:00:13] SyncTime[1] ONLINE[0] MAX[1500]
[2016-04-16|12:00:39] ONLINE Session[0]
[2016-04-16|12:01:13] SyncTime[0] ONLINE[0] MAX[1500]
[2016-04-16|12:01:39] ONLINE Session[0]
[2016-04-16|12:02:13] SyncTime[0] ONLINE[0] MAX[1500]
[2016-04-16|12:02:39] ONLINE Session[0]
[2016-04-16|12:03:13] SyncTime[0] ONLINE[0] MAX[1500]
[2016-04-16|12:03:39] ONLINE Session[0]
[2016-04-16|12:04:13] SyncTime[0] ONLINE[0] MAX[1500]
[2016-04-16|12:04:39] ONLINE Session[0]
[2016-04-16|12:05:13] SyncTime[0] ONLINE[0] MAX[1500]
[2016-04-16|12:05:39] ONLINE Session[0]
[2016-04-16|12:06:13] SyncTime[0] ONLINE[0] MAX[1500]
[2016-04-16|12:06:39] ONLINE Session[0]
[2016-04-16|12:07:13] SyncTime[0] ONLINE[0] MAX[1500]
[2016-04-16|12:07:39] ONLINE Session[0]
[2016-04-16|12:08:13] SyncTime[0] ONLINE[0] MAX[1500]
[2016-04-16|12:08:39] ONLINE Session[0]
[2016-04-16|12:09:13] SyncTime[0] ONLINE[0] MAX[1500]
[2016-04-16|12:09:39] ONLINE Session[0]
[2016-04-16|12:10:13] SyncTime[0] ONLINE[0] MAX[1500]
[2016-04-16|12:10:40] ONLINE Session[0]
[2016-04-16|12:11:13] SyncTime[0] ONLINE[0] MAX[1500]
[2016-04-16|12:11:40] ONLINE Session[0]
[2016-04-16|12:12:13] SyncTime[0] ONLINE[0] MAX[1500]
[2016-04-16|12:12:40] ONLINE Session[0]
[2016-04-16|12:13:13] SyncTime[0] ONLINE[0] MAX[1500]
[2016-04-16|12:13:40] ONLINE Session[0]
[2016-04-16|12:14:13] SyncTime[0] ONLINE[0] MAX[1500]
[2016-04-16|12:14:40] ONLINE Session[0]
[2016-04-16|12:15:13] SyncTime[0] ONLINE[0] MAX[1500]
[2016-04-16|12:15:40] ONLINE Session[0]
[2016-04-16|12:16:13] SyncTime[0] ONLINE[0] MAX[1500]
[2016-04-16|12:16:40] ONLINE Session[0]
[2016-04-16|12:17:13] SyncTime[0] ONLINE[0] MAX[1500]
[2016-04-16|12:17:40] ONLINE Session[0]
[2016-04-16|12:18:13] SyncTime[0] ONLINE[0] MAX[1500]
[2016-04-16|12:18:40] ONLINE Session[0]
[2016-04-16|12:19:13] SyncTime[1] ONLINE[0] MAX[1500]
[2016-04-16|12:19:40] ONLINE Session[0]
[2016-04-16|12:20:13] SyncTime[0] ONLINE[0] MAX[1500]
[2016-04-16|12:20:40] ONLINE Session[0]
[2016-04-16|12:21:13] SyncTime[0] ONLINE[0] MAX[1500]
[2016-04-16|12:21:40] ONLINE Session[0]
[2016-04-16|12:22:13] SyncTime[0] ONLINE[0] MAX[1500]
[2016-04-16|12:22:40] ONLINE Session[0]
[2016-04-16|12:23:13] SyncTime[1] ONLINE[0] MAX[1500]
[2016-04-16|12:23:40] ONLINE Session[0]
[2016-04-16|12:24:13] SyncTime[0] ONLINE[0] MAX[1500]
[2016-04-16|12:24:40] ONLINE Session[0]
[2016-04-16|12:25:13] SyncTime[0] ONLINE[0] MAX[1500]
[2016-04-16|12:25:40] ONLINE Session[0]
[2016-04-16|12:26:13] SyncTime[0] ONLINE[0] MAX[1500]
[2016-04-16|12:26:40] ONLINE Session[0]
[2016-04-16|12:27:13] SyncTime[1] ONLINE[0] MAX[1500]
[2016-04-16|12:27:40] ONLINE Session[0]
[2016-04-16|12:28:13] SyncTime[0] ONLINE[0] MAX[1500]
[2016-04-16|12:28:40] ONLINE Session[0]
[2016-04-16|12:29:13] SyncTime[0] ONLINE[0] MAX[1500]
[2016-04-16|12:29:40] ONLINE Session[0]
[2016-04-16|12:30:13] SyncTime[0] ONLINE[0] MAX[1500]
[2016-04-16|12:30:40] ONLINE Session[0]
[2016-04-16|12:31:13] SyncTime[0] ONLINE[0] MAX[1500]
[2016-04-16|12:31:40] ONLINE Session[0]
[2016-04-16|12:32:13] SyncTime[0] ONLINE[0] MAX[1500]
[2016-04-16|12:32:40] ONLINE Session[0]
[2016-04-16|12:33:13] SyncTime[0] ONLINE[0] MAX[1500]
[2016-04-16|12:33:40] ONLINE Session[0]
[2016-04-16|12:34:13] SyncTime[0] ONLINE[0] MAX[1500]
[2016-04-16|12:34:40] ONLINE Session[0]
[2016-04-16|12:35:13] SyncTime[0] ONLINE[0] MAX[1500]
[2016-04-16|12:35:40] ONLINE Session[0]
[2016-04-16|12:36:13] SyncTime[0] ONLINE[0] MAX[1500]
[2016-04-16|12:36:40] ONLINE Session[0]
[2016-04-16|12:37:13] SyncTime[0] ONLINE[0] MAX[1500]
[2016-04-16|12:37:40] ONLINE Session[0]
[2016-04-16|12:38:13] SyncTime[0] ONLINE[0] MAX[1500]
[2016-04-16|12:38:40] ONLINE Session[0]
[2016-04-16|12:39:13] SyncTime[0] ONLINE[0] MAX[1500]
[2016-04-16|12:39:40] ONLINE Session[0]
[2016-04-16|12:40:13] SyncTime[0] ONLINE[0] MAX[1500]
[2016-04-16|12:40:40] ONLINE Session[0]
[2016-04-16|12:41:13] SyncTime[0] ONLINE[0] MAX[1500]
[2016-04-16|12:41:40] ONLINE Session[0]
[2016-04-16|12:42:13] SyncTime[0] ONLINE[0] MAX[1500]
[2016-04-16|12:42:40] ONLINE Session[0]
[2016-04-16|12:43:13] SyncTime[0] ONLINE[0] MAX[1500]
[2016-04-16|12:43:40] ONLINE Session[0]
[2016-04-16|12:44:13] SyncTime[0] ONLINE[0] MAX[1500]
[2016-04-16|12:44:40] ONLINE Session[0]
[2016-04-16|12:45:13] SyncTime[0] ONLINE[0] MAX[1500]
[2016-04-16|12:45:40] ONLINE Session[0]
[2016-04-16|12:46:13] SyncTime[0] ONLINE[0] MAX[1500]
[2016-04-16|12:46:40] ONLINE Session[0]
[2016-04-16|12:47:13] SyncTime[1] ONLINE[0] MAX[1500]
[2016-04-16|12:47:40] ONLINE Session[0]
[2016-04-16|12:48:13] SyncTime[0] ONLINE[0] MAX[1500]
[2016-04-16|12:48:40] ONLINE Session[0]
[2016-04-16|12:49:13] SyncTime[0] ONLINE[0] MAX[1500]
[2016-04-16|12:49:40] ONLINE Session[0]
[2016-04-16|12:50:13] SyncTime[0] ONLINE[0] MAX[1500]
[2016-04-16|12:50:40] ONLINE Session[0]
[2016-04-16|12:51:13] SyncTime[0] ONLINE[0] MAX[1500]
[2016-04-16|12:51:40] ONLINE Session[0]
[2016-04-16|12:52:13] SyncTime[0] ONLINE[0] MAX[1500]
[2016-04-16|12:52:40] ONLINE Session[0]
[2016-04-16|12:53:13] SyncTime[0] ONLINE[0] MAX[1500]
[2016-04-16|12:53:40] ONLINE Session[0]
[2016-04-16|12:54:13] SyncTime[0] ONLINE[0] MAX[1500]
[2016-04-16|12:54:40] ONLINE Session[0]
[2016-04-16|12:55:13] SyncTime[1] ONLINE[0] MAX[1500]
[2016-04-16|12:55:40] ONLINE Session[0]
[2016-04-16|12:56:13] SyncTime[0] ONLINE[0] MAX[1500]
[2016-04-16|12:56:40] ONLINE Session[0]
[2016-04-16|12:57:13] SyncTime[0] ONLINE[0] MAX[1500]
[2016-04-16|12:57:40] ONLINE Session[0]
[2016-04-16|12:58:13] SyncTime[0] ONLINE[0] MAX[1500]
[2016-04-16|12:58:40] ONLINE Session[0]
[2016-04-16|12:59:13] SyncTime[0] ONLINE[0] MAX[1500]
[2016-04-16|12:59:40] ONLINE Session[0]
[2016-04-16|13:00:13] SyncTime[0] ONLINE[0] MAX[1500]
[2016-04-16|13:00:40] ONLINE Session[0]
[2016-04-16|13:01:13] SyncTime[0] ONLINE[0] MAX[1500]
[2016-04-16|13:01:40] ONLINE Session[0]
[2016-04-16|13:02:13] SyncTime[0] ONLINE[0] MAX[1500]
[2016-04-16|13:02:40] ONLINE Session[0]
[2016-04-16|13:03:13] SyncTime[0] ONLINE[0] MAX[1500]
[2016-04-16|13:03:40] ONLINE Session[0]
[2016-04-16|13:04:13] SyncTime[0] ONLINE[0] MAX[1500]
[2016-04-16|13:04:40] ONLINE Session[0]
[2016-04-16|13:05:13] SyncTime[0] ONLINE[0] MAX[1500]
[2016-04-16|13:05:40] ONLINE Session[0]
[2016-04-16|13:06:13] SyncTime[0] ONLINE[0] MAX[1500]
[2016-04-16|13:06:40] ONLINE Session[0]
[2016-04-16|13:07:13] SyncTime[1] ONLINE[0] MAX[1500]
[2016-04-16|13:07:40] ONLINE Session[0]
[2016-04-16|13:08:13] SyncTime[0] ONLINE[0] MAX[1500]
[2016-04-16|13:08:40] ONLINE Session[0]
[2016-04-16|13:09:13] SyncTime[0] ONLINE[0] MAX[1500]
[2016-04-16|13:09:40] ONLINE Session[0]
[2016-04-16|13:10:13] SyncTime[0] ONLINE[0] MAX[1500]
[2016-04-16|13:10:40] ONLINE Session[0]
[2016-04-16|13:11:13] SyncTime[0] ONLINE[0] MAX[1500]
[2016-04-16|13:11:40] ONLINE Session[0]
[2016-04-16|13:12:13] SyncTime[0] ONLINE[0] MAX[1500]
[2016-04-16|13:12:40] ONLINE Session[0]
[2016-04-16|13:13:13] SyncTime[0] ONLINE[0] MAX[1500]
[2016-04-16|13:13:40] ONLINE Session[0]
[2016-04-16|13:14:13] SyncTime[0] ONLINE[0] MAX[1500]
[2016-04-16|13:14:40] ONLINE Session[0]
[2016-04-16|13:15:13] SyncTime[0] ONLINE[0] MAX[1500]
[2016-04-16|13:15:40] ONLINE Session[0]
[2016-04-16|13:16:13] SyncTime[0] ONLINE[0] MAX[1500]
[2016-04-16|13:16:40] ONLINE Session[0]
[2016-04-16|13:17:13] SyncTime[0] ONLINE[0] MAX[1500]
[2016-04-16|13:17:40] ONLINE Session[0]
[2016-04-16|13:18:13] SyncTime[0] ONLINE[0] MAX[1500]
[2016-04-16|13:18:40] ONLINE Session[0]
[2016-04-16|13:19:13] SyncTime[0] ONLINE[0] MAX[1500]
[2016-04-16|13:19:40] ONLINE Session[0]
[2016-04-16|13:20:14] SyncTime[0] ONLINE[0] MAX[1500]
[2016-04-16|13:20:40] ONLINE Session[0]
[2016-04-16|13:21:14] SyncTime[0] ONLINE[0] MAX[1500]
[2016-04-16|13:21:40] ONLINE Session[0]
[2016-04-16|13:22:14] SyncTime[0] ONLINE[0] MAX[1500]
[2016-04-16|13:22:40] ONLINE Session[0]
[2016-04-16|13:23:14] SyncTime[0] ONLINE[0] MAX[1500]
[2016-04-16|13:23:40] ONLINE Session[0]
[2016-04-16|13:24:14] SyncTime[0] ONLINE[0] MAX[1500]
[2016-04-16|13:24:40] ONLINE Session[0]
[2016-04-16|13:25:14] SyncTime[0] ONLINE[0] MAX[1500]
[2016-04-16|13:25:40] ONLINE Session[0]
[2016-04-16|13:26:14] SyncTime[0] ONLINE[0] MAX[1500]
[2016-04-16|13:26:40] ONLINE Session[0]
[2016-04-16|13:27:14] SyncTime[0] ONLINE[0] MAX[1500]
[2016-04-16|13:27:40] ONLINE Session[0]
[2016-04-16|13:28:14] SyncTime[0] ONLINE[0] MAX[1500]
[2016-04-16|13:28:40] ONLINE Session[0]
[2016-04-16|13:29:14] SyncTime[0] ONLINE[0] MAX[1500]
[2016-04-16|13:29:40] ONLINE Session[0]
[2016-04-16|13:30:14] SyncTime[0] ONLINE[0] MAX[1500]
[2016-04-16|13:30:40] ONLINE Session[0]
[2016-04-16|13:31:14] SyncTime[0] ONLINE[0] MAX[1500]
[2016-04-16|13:31:40] ONLINE Session[0]
[2016-04-16|13:32:14] SyncTime[0] ONLINE[0] MAX[1500]
[2016-04-16|13:32:40] ONLINE Session[0]
[2016-04-16|13:33:14] SyncTime[0] ONLINE[0] MAX[1500]
[2016-04-16|13:33:40] ONLINE Session[0]
[2016-04-16|13:34:14] SyncTime[0] ONLINE[0] MAX[1500]
[2016-04-16|13:34:40] ONLINE Session[0]
[2016-04-16|13:35:14] SyncTime[0] ONLINE[0] MAX[1500]
[2016-04-16|13:35:40] ONLINE Session[0]
[2016-04-16|13:36:14] SyncTime[0] ONLINE[0] MAX[1500]
[2016-04-16|13:36:40] ONLINE Session[0]
[2016-04-16|13:37:14] SyncTime[0] ONLINE[0] MAX[1500]
[2016-04-16|13:37:40] ONLINE Session[0]
[2016-04-16|13:38:14] SyncTime[0] ONLINE[0] MAX[1500]
[2016-04-16|13:38:40] ONLINE Session[0]
[2016-04-16|13:39:14] SyncTime[0] ONLINE[0] MAX[1500]
[2016-04-16|13:39:40] ONLINE Session[0]
[2016-04-16|13:40:14] SyncTime[0] ONLINE[0] MAX[1500]
[2016-04-16|13:40:40] ONLINE Session[0]
[2016-04-16|13:41:14] SyncTime[0] ONLINE[0] MAX[1500]
[2016-04-16|13:41:40] ONLINE Session[0]
[2016-04-16|13:42:14] SyncTime[0] ONLINE[0] MAX[1500]
[2016-04-16|13:42:40] ONLINE Session[0]
[2016-04-16|13:43:14] SyncTime[0] ONLINE[0] MAX[1500]
[2016-04-16|13:43:40] ONLINE Session[0]
[2016-04-16|13:44:14] SyncTime[0] ONLINE[0] MAX[1500]
[2016-04-16|13:44:40] ONLINE Session[0]
[2016-04-16|13:45:14] SyncTime[0] ONLINE[0] MAX[1500]
[2016-04-16|13:45:40] ONLINE Session[0]
[2016-04-16|13:46:14] SyncTime[0] ONLINE[0] MAX[1500]
[2016-04-16|13:46:40] ONLINE Session[0]
[2016-04-16|13:47:14] SyncTime[0] ONLINE[0] MAX[1500]
[2016-04-16|13:47:40] ONLINE Session[0]
[2016-04-16|13:48:14] SyncTime[0] ONLINE[0] MAX[1500]
[2016-04-16|13:48:40] ONLINE Session[0]
[2016-04-16|13:49:14] SyncTime[0] ONLINE[0] MAX[1500]
[2016-04-16|13:49:40] ONLINE Session[0]
[2016-04-16|13:50:14] SyncTime[1] ONLINE[0] MAX[1500]
[2016-04-16|13:50:40] ONLINE Session[0]
[2016-04-16|13:51:14] SyncTime[0] ONLINE[0] MAX[1500]
[2016-04-16|13:51:40] ONLINE Session[0]
[2016-04-16|13:52:14] SyncTime[0] ONLINE[0] MAX[1500]
[2016-04-16|13:52:40] ONLINE Session[0]
[2016-04-16|13:53:14] SyncTime[0] ONLINE[0] MAX[1500]
[2016-04-16|13:53:40] ONLINE Session[0]
[2016-04-16|13:54:14] SyncTime[0] ONLINE[0] MAX[1500]
[2016-04-16|13:54:40] ONLINE Session[0]
[2016-04-16|13:55:14] SyncTime[0] ONLINE[0] MAX[1500]
[2016-04-16|13:55:40] ONLINE Session[0]
[2016-04-16|13:56:14] SyncTime[0] ONLINE[0] MAX[1500]
[2016-04-16|13:56:40] ONLINE Session[0]
[2016-04-16|13:57:14] SyncTime[0] ONLINE[0] MAX[1500]
[2016-04-16|13:57:40] ONLINE Session[0]
[2016-04-16|13:58:14] SyncTime[0] ONLINE[0] MAX[1500]
[2016-04-16|13:58:40] ONLINE Session[0]
[2016-04-16|13:59:14] SyncTime[0] ONLINE[0] MAX[1500]
[2016-04-16|13:59:40] ONLINE Session[0]
[2016-04-16|14:00:14] SyncTime[0] ONLINE[0] MAX[1500]
[2016-04-16|14:00:40] ONLINE Session[0]
[2016-04-16|14:01:14] SyncTime[0] ONLINE[0] MAX[1500]
[2016-04-16|14:01:40] ONLINE Session[0]
[2016-04-16|14:02:14] SyncTime[0] ONLINE[0] MAX[1500]
[2016-04-16|14:02:40] ONLINE Session[0]
[2016-04-16|14:03:14] SyncTime[0] ONLINE[0] MAX[1500]
[2016-04-16|14:03:40] ONLINE Session[0]
[2016-04-16|14:04:14] SyncTime[0] ONLINE[0] MAX[1500]
[2016-04-16|14:04:40] ONLINE Session[0]
[2016-04-16|14:05:14] SyncTime[0] ONLINE[0] MAX[1500]
[2016-04-16|14:05:40] ONLINE Session[0]
[2016-04-16|14:06:14] SyncTime[0] ONLINE[0] MAX[1500]
[2016-04-16|14:06:40] ONLINE Session[0]
[2016-04-16|14:07:14] SyncTime[0] ONLINE[0] MAX[1500]
[2016-04-16|14:07:40] ONLINE Session[0]
[2016-04-16|14:08:14] SyncTime[0] ONLINE[0] MAX[1500]
[2016-04-16|14:08:40] ONLINE Session[0]
[2016-04-16|14:09:14] SyncTime[0] ONLINE[0] MAX[1500]
[2016-04-16|14:09:40] ONLINE Session[0]
[2016-04-16|14:10:14] SyncTime[0] ONLINE[0] MAX[1500]
[2016-04-16|14:10:40] ONLINE Session[0]
[2016-04-16|14:11:14] SyncTime[0] ONLINE[0] MAX[1500]
[2016-04-16|14:11:40] ONLINE Session[0]
[2016-04-16|14:12:14] SyncTime[0] ONLINE[0] MAX[1500]
