7	1460777413584	角色在线数量:0
7	1460777473584	角色在线数量:0
7	1460777533590	角色在线数量:0
7	1460777593599	角色在线数量:0
7	1460777653608	角色在线数量:0
7	1460777713608	角色在线数量:0
7	1460777773615	角色在线数量:0
7	1460777833624	角色在线数量:0
7	1460777893624	角色在线数量:0
7	1460777953624	角色在线数量:0
7	1460778013625	角色在线数量:0
7	1460778073625	角色在线数量:0
7	1460778133626	角色在线数量:0
7	1460778193626	角色在线数量:0
7	1460778253626	角色在线数量:0
7	1460778313639	角色在线数量:0
7	1460778373648	角色在线数量:0
7	1460778433661	角色在线数量:0
7	1460778493668	角色在线数量:0
7	1460778553669	角色在线数量:0
7	1460778613672	角色在线数量:0
7	1460778673677	角色在线数量:0
7	1460778733680	角色在线数量:0
7	1460778793685	角色在线数量:0
7	1460778853690	角色在线数量:0
7	1460778913696	角色在线数量:0
7	1460778973702	角色在线数量:0
7	1460779033703	角色在线数量:0
7	1460779093703	角色在线数量:0
7	1460779153719	角色在线数量:0
7	1460779213719	角色在线数量:0
7	1460779273721	角色在线数量:0
7	1460779333722	角色在线数量:0
7	1460779393722	角色在线数量:0
7	1460779453736	角色在线数量:0
7	1460779513740	角色在线数量:0
7	1460779573744	角色在线数量:0
7	1460779633748	角色在线数量:0
7	1460779693757	角色在线数量:0
7	1460779753763	角色在线数量:0
7	1460779813766	角色在线数量:0
7	1460779873773	角色在线数量:0
7	1460779933777	角色在线数量:0
7	1460779993778	角色在线数量:0
7	1460780053778	角色在线数量:0
7	1460780113785	角色在线数量:0
7	1460780173795	角色在线数量:0
7	1460780233800	角色在线数量:0
7	1460780293800	角色在线数量:0
7	1460780353801	角色在线数量:0
7	1460780413805	角色在线数量:0
7	1460780473813	角色在线数量:0
7	1460780533819	角色在线数量:0
7	1460780593820	角色在线数量:0
7	1460780653820	角色在线数量:0
7	1460780713830	角色在线数量:0
7	1460780773834	角色在线数量:0
7	1460780833835	角色在线数量:0
7	1460780893835	角色在线数量:0
7	1460780953836	角色在线数量:0
7	1460781013836	角色在线数量:0
7	1460781073847	角色在线数量:0
7	1460781133848	角色在线数量:0
7	1460781193849	角色在线数量:0
7	1460781253854	角色在线数量:0
7	1460781313855	角色在线数量:0
7	1460781373855	角色在线数量:0
7	1460781433867	角色在线数量:0
7	1460781493869	角色在线数量:0
7	1460781553884	角色在线数量:0
7	1460781613898	角色在线数量:0
7	1460781673898	角色在线数量:0
7	1460781733899	角色在线数量:0
7	1460781793900	角色在线数量:0
7	1460781853900	角色在线数量:0
7	1460781913901	角色在线数量:0
7	1460781973901	角色在线数量:0
7	1460782033901	角色在线数量:0
7	1460782093902	角色在线数量:0
7	1460782153917	角色在线数量:0
7	1460782213917	角色在线数量:0
7	1460782273917	角色在线数量:0
7	1460782333925	角色在线数量:0
7	1460782393937	角色在线数量:0
7	1460782453937	角色在线数量:0
7	1460782513937	角色在线数量:0
7	1460782573938	角色在线数量:0
7	1460782633938	角色在线数量:0
7	1460782693938	角色在线数量:0
7	1460782753939	角色在线数量:0
7	1460782813939	角色在线数量:0
7	1460782873940	角色在线数量:0
7	1460782933943	角色在线数量:0
7	1460782993943	角色在线数量:0
7	1460783053944	角色在线数量:0
7	1460783113944	角色在线数量:0
7	1460783173945	角色在线数量:0
7	1460783233946	角色在线数量:0
7	1460783293946	角色在线数量:0
7	1460783353955	角色在线数量:0
7	1460783413970	角色在线数量:0
7	1460783473970	角色在线数量:0
7	1460783533971	角色在线数量:0
7	1460783593973	角色在线数量:0
7	1460783653984	角色在线数量:0
7	1460783713995	角色在线数量:0
7	1460783773995	角色在线数量:0
7	1460783833996	角色在线数量:0
7	1460783893996	角色在线数量:0
7	1460783953999	角色在线数量:0
7	1460784014006	角色在线数量:0
7	1460784074021	角色在线数量:0
7	1460784134028	角色在线数量:0
7	1460784194029	角色在线数量:0
7	1460784254030	角色在线数量:0
7	1460784314031	角色在线数量:0
7	1460784374034	角色在线数量:0
7	1460784434034	角色在线数量:0
7	1460784494034	角色在线数量:0
7	1460784554035	角色在线数量:0
7	1460784614035	角色在线数量:0
7	1460784674044	角色在线数量:0
7	1460784734050	角色在线数量:0
7	1460784794059	角色在线数量:0
7	1460784854064	角色在线数量:0
7	1460784914073	角色在线数量:0
7	1460784974086	角色在线数量:0
7	1460785034087	角色在线数量:0
7	1460785094098	角色在线数量:0
7	1460785154111	角色在线数量:0
7	1460785214112	角色在线数量:0
7	1460785274122	角色在线数量:0
7	1460785334124	角色在线数量:0
7	1460785394125	角色在线数量:0
7	1460785454125	角色在线数量:0
7	1460785514125	角色在线数量:0
7	1460785574126	角色在线数量:0
7	1460785634126	角色在线数量:0
7	1460785694127	角色在线数量:0
7	1460785754137	角色在线数量:0
7	1460785814138	角色在线数量:0
7	1460785874147	角色在线数量:0
7	1460785934148	角色在线数量:0
7	1460785994148	角色在线数量:0
7	1460786054149	角色在线数量:0
7	1460786114157	角色在线数量:0
7	1460786174165	角色在线数量:0
7	1460786234165	角色在线数量:0
7	1460786294166	角色在线数量:0
7	1460786354177	角色在线数量:0
7	1460786414179	角色在线数量:0
7	1460786474192	角色在线数量:0
7	1460786534198	角色在线数量:0
7	1460786594207	角色在线数量:0
7	1460786654214	角色在线数量:0
7	1460786714228	角色在线数量:0
7	1460786774240	角色在线数量:0
7	1460786834251	角色在线数量:0
7	1460786894265	角色在线数量:0
7	1460786954277	角色在线数量:0
7	1460787014287	角色在线数量:0
7	1460787074288	角色在线数量:0
7	1460787134298	角色在线数量:0
