[2016-04-16|11:29:03] 没有找到 SERVER_Heartbeat 对应的protocol handler
[2016-04-16|11:29:03] 没有找到 SERVER_WorldServerToAccountServer 对应的protocol handler
[2016-04-16|11:29:03] 没有找到 SERVER_UpdateServerInfo 对应的protocol handler
[2016-04-16|11:29:03] 没有找到 SERVER_NotifyMaxPlayer 对应的protocol handler
[2016-04-16|11:29:03] 没有找到 SERVER_SyncLoad 对应的protocol handler
[2016-04-16|11:29:03] 没有找到 SERVER_AccountLogin 对应的protocol handler
[2016-04-16|11:29:03] 没有找到 SERVER_Kick 对应的protocol handler
[2016-04-16|11:29:03] 没有找到 SERVER_SyncPlayer 对应的protocol handler
[2016-04-16|11:29:03] 没有找到 SERVER_PlayerLogout 对应的protocol handler
[2016-04-16|11:29:03] 没有找到 SERVER_BroadCast 对应的protocol handler
[2016-04-16|11:29:03] 初始化ProtocolFactory错误:java.lang.ClassNotFoundException: com.app.empire.protocol.data.server.ForceBroadCast
[2016-04-16|11:29:03] 没有找到 SERVER_ShutDown 对应的protocol handler
[2016-04-16|11:29:03] 没有找到 SERVER_NotifyMaintance 对应的protocol handler
[2016-04-16|11:29:03] 没有找到 ACCOUNT_Heartbeat 对应的protocol handler
[2016-04-16|11:29:03] 没有找到 ACCOUNT_LoginOk 对应的protocol handler
[2016-04-16|11:29:03] 没有找到 ACCOUNT_RepeatLogin 对应的protocol handler
[2016-04-16|11:29:03] 没有找到 ACCOUNT_GetRoleListOK 对应的protocol handler
[2016-04-16|11:29:03] 没有找到 ACCOUNT_RoleLoginOk 对应的protocol handler
[2016-04-16|11:29:03] 没有找到 ACCOUNT_UpdatePlayerData 对应的protocol handler
[2016-04-16|11:29:03] 没有找到 ACCOUNT_GetRandomNameOk 对应的protocol handler
[2016-04-16|11:29:03] 没有找到 ACCOUNT_UpdatePlayerNameOk 对应的protocol handler
[2016-04-16|11:29:03] 没有找到 ACCOUNT_LoginFail 对应的protocol handler
[2016-04-16|11:29:03] 没有找到 SYN_Move 对应的protocol handler
[2016-04-16|11:29:03] 没有找到 SYN_ReturnMove 对应的protocol handler
[2016-04-16|11:29:03] 没有找到 SYN_ReportPlace 对应的protocol handler
[2016-04-16|11:29:03] 没有找到 SYN_ViewPlayerData 对应的protocol handler
[2016-04-16|11:29:03] 没有找到 SYN_JumpMap 对应的protocol handler
[2016-04-16|11:29:03] 没有找到 SYN_Attack 对应的protocol handler
[2016-04-16|11:29:03] 没有找到 SYN_ReturnAttack 对应的protocol handler
[2016-04-16|11:29:03] 没有找到 CHAT_ReceiveMessage 对应的protocol handler
[2016-04-16|11:29:03] 没有找到 CHAT_SyncChannels 对应的protocol handler
[2016-04-16|11:29:03] 没有找到 CHAT_RemoveChannels 对应的protocol handler
[2016-04-16|11:29:03] 初始化ProtocolFactory错误:java.lang.ClassNotFoundException: com.app.empire.protocol.data.system.NOP
[2016-04-16|11:29:03] 初始化ProtocolFactory错误:java.lang.ClassNotFoundException: com.app.empire.protocol.data.system.SYNC
[2016-04-16|11:29:03] 初始化ProtocolFactory错误:java.lang.ClassNotFoundException: com.app.empire.protocol.data.system.HttpClose
[2016-04-16|11:29:03] 没有找到 SYSTEM_TopHands 对应的protocol handler
[2016-04-16|11:29:03] 没有找到 SYSTEM_GetIslandState 对应的protocol handler
[2016-04-16|11:29:03] 没有找到 SYSTEM_GetIslandStateOk 对应的protocol handler
[2016-04-16|11:29:03] 没有找到 SYSTEM_GetSystemInfoOk 对应的protocol handler
[2016-04-16|11:29:03] 没有找到 SYSTEM_GetNoviceRemark 对应的protocol handler
[2016-04-16|11:29:03] 没有找到 SYSTEM_GetNoviceRemarkOk 对应的protocol handler
[2016-04-16|11:29:03] 没有找到 SYSTEM_GetItemPriceAndVip 对应的protocol handler
[2016-04-16|11:29:03] 没有找到 SYSTEM_GetItemPriceAndVipOk 对应的protocol handler
[2016-04-16|11:29:03] 没有找到 SYSTEM_EarthPush 对应的protocol handler
[2016-04-16|11:29:03] 没有找到 SYSTEM_BattleShakeHands 对应的protocol handler
[2016-04-16|11:29:03] 没有找到 SYSTEM_GetPayAppRewardList 对应的protocol handler
[2016-04-16|11:29:03] 没有找到 SYSTEM_GetPayAppRewardListOk 对应的protocol handler
[2016-04-16|11:29:03] 没有找到 SYSTEM_GetPayAppReward 对应的protocol handler
[2016-04-16|11:29:03] 没有找到 SYSTEM_GetPayAppRewardOk 对应的protocol handler
[2016-04-16|11:29:03] 没有找到 SYSTEM_GetKeyProcess 对应的protocol handler
[2016-04-16|11:29:03] 没有找到 SYSTEM_GetKeyProcessOk 对应的protocol handler
[2016-04-16|11:29:03] 没有找到 MAIL_GetMailListOk 对应的protocol handler
[2016-04-16|11:29:03] 没有找到 MAIL_LockMailOk 对应的protocol handler
[2016-04-16|11:29:03] 没有找到 MAIL_ReceiveMailOk 对应的protocol handler
[2016-04-16|11:29:03] 没有找到 MAIL_DelMailOk 对应的protocol handler
[2016-04-16|11:29:03] 没有找到 MAIL_NewMail 对应的protocol handler
[2016-04-16|11:29:03] 没有找到 BULLETIN_GetBulletin 对应的protocol handler
[2016-04-16|11:29:03] 没有找到 BULLETIN_GetBulletinOk 对应的protocol handler
[2016-04-16|11:29:03] 没有找到 BULLETIN_GetAbout 对应的protocol handler
[2016-04-16|11:29:03] 没有找到 BULLETIN_GetAboutOk 对应的protocol handler
[2016-04-16|11:29:03] 没有找到 BULLETIN_GetHelp 对应的protocol handler
[2016-04-16|11:29:03] 没有找到 BULLETIN_GetHelpOk 对应的protocol handler
[2016-04-16|11:29:03] 没有找到 BULLETIN_GetWeiboInfo 对应的protocol handler
[2016-04-16|11:29:03] 没有找到 BULLETIN_GetWeiboInfoOk 对应的protocol handler
[2016-04-16|11:29:03] 没有找到 BULLETIN_WeiboShare 对应的protocol handler
[2016-04-16|11:29:03] 没有找到 PURCHASE_SendProductIdList 对应的protocol handler
[2016-04-16|11:29:03] 没有找到 PURCHASE_BuySuccess 对应的protocol handler
[2016-04-16|11:29:03] 没有找到 PURCHASE_BuyFailed 对应的protocol handler
[2016-04-16|11:29:03] 没有找到 PURCHASE_AndroidSendProductCheckInfo 对应的protocol handler
[2016-04-16|11:29:03] 没有找到 PURCHASE_GetRuleListOk 对应的protocol handler
[2016-04-16|11:29:03] 没有找到 PURCHASE_GetCallBackUriOk 对应的protocol handler
[2016-04-16|11:29:03] 没有找到 PURCHASE_RequestSmsCodeSerialidOk 对应的protocol handler
[2016-04-16|11:29:03] 没有找到 PURCHASE_SMSProductBuySuccess 对应的protocol handler
[2016-04-16|11:29:03] 没有找到 HERO_UpdateHeroData 对应的protocol handler
[2016-04-16|11:29:03] 没有找到 HERO_GetHeroListOK 对应的protocol handler
[2016-04-16|11:29:03] 没有找到 HERO_GetSkillListOK 对应的protocol handler
[2016-04-16|11:29:03] 没有找到 HERO_StudySkillOK 对应的protocol handler
[2016-04-16|11:29:03] 没有找到 HERO_ResetSkillOK 对应的protocol handler
[2016-04-16|11:29:03] 没有找到 HERO_UseGoodsOK 对应的protocol handler
[2016-04-16|11:29:03] 没有找到 EQUIP_GetEquipListOk 对应的protocol handler
[2016-04-16|11:29:03] 没有找到 EQUIP_WearEquipOk 对应的protocol handler
[2016-04-16|11:29:03] 没有找到 EQUIP_MergeEquipOk 对应的protocol handler
[2016-04-16|11:29:03] 没有找到 EQUIP_RefineEquipOk 对应的protocol handler
[2016-04-16|11:29:03] 没有找到 EQUIP_ActivateAchieveOk 对应的protocol handler
[2016-04-16|11:29:03] 没有找到 BACKPACK_UpdateGoodsData 对应的protocol handler
[2016-04-16|11:29:03] 没有找到 BACKPACK_GetBackpackListOk 对应的protocol handler
[2016-04-16|11:29:03] 没有找到 BACKPACK_UseGoodsOk 对应的protocol handler
[2016-04-16|11:29:03] 没有找到 BACKPACK_SellGoodsOk 对应的protocol handler
[2016-04-16|11:29:03] 没有找到 COPYMAP_GetListOK 对应的protocol handler
[2016-04-16|11:29:03] 没有找到 COPYMAP_AcessCopyMapOk 对应的protocol handler
[2016-04-16|11:29:03] 没有找到 COPYMAP_CompleteCopyMapOk 对应的protocol handler
[2016-04-16|11:29:03] 没有找到 COPYMAP_SaveTeamOk 对应的protocol handler
[2016-04-16|11:29:03] 没有找到 COPYMAP_GetTeamOk 对应的protocol handler
[2016-04-16|11:29:03] 没有找到 PVPROOM_RoomPlayerInfo 对应的protocol handler
[2016-04-16|11:29:03] 没有找到 PVPROOM_GetRoomListOk 对应的protocol handler
[2016-04-16|11:29:03] 没有找到 PVPROOM_CreateRoomOk 对应的protocol handler
[2016-04-16|11:29:03] 没有找到 PVPROOM_IntoRoomOk 对应的protocol handler
[2016-04-16|11:29:03] 没有找到 PVPROOM_OutRoomOk 对应的protocol handler
[2016-04-16|11:29:03] 没有找到 PVPROOM_LoadComplete 对应的protocol handler
[2016-04-16|11:29:03] 没有找到 PVPROOM_LoadCompleteOk 对应的protocol handler
[2016-04-16|11:29:03] 没有找到 PVPROOM_StartStatus 对应的protocol handler
[2016-04-16|11:29:03] 没有找到 SHOP_GetShopOk 对应的protocol handler
[2016-04-16|11:29:03] 没有找到 SHOP_BuyOk 对应的protocol handler
[2016-04-16|11:29:03] 没有找到 SHOP_RefreshOk 对应的protocol handler
[2016-04-16|11:29:03] 没有找到 NPC_GetNpcOK 对应的protocol handler
[2016-04-16|11:29:03] 没有找到 NPC_UpgradeOK 对应的protocol handler
[2016-04-16|11:29:03] 没有找到 NPC_BuyOK 对应的protocol handler
[2016-04-16|11:29:03] 没有找到 NPC_ReceiveOK 对应的protocol handler
[2016-04-16|11:29:03] 初始化ProtocolFactory错误:java.lang.ClassNotFoundException: com.app.empire.protocol.data.pvp.Skill
[2016-04-16|11:29:03] 没有找到 AI_CommandMessage 对应的protocol handler
[2016-04-16|11:29:03] 没有找到 ERRORLOG_GetLogList 对应的protocol handler
[2016-04-16|11:29:03] 没有找到 ERRORLOG_GetLog 对应的protocol handler
[2016-04-16|11:29:03] 没有找到 ERRORCODE_GetList 对应的protocol handler
[2016-04-16|11:29:03] 没有找到 ERRORCODE_GetListOk 对应的protocol handler
[2016-04-16|11:29:03] 没有找到 ERRORCODE_CheckList 对应的protocol handler
[2016-04-16|11:29:03] 没有找到 ERRORCODE_CheckOk 对应的protocol handler
[2016-04-16|11:29:03] 没有找到 ERRORCODE_GetSmsCodeList 对应的protocol handler
[2016-04-16|11:29:03] 没有找到 ERRORCODE_GetSmsCodeListOk 对应的protocol handler
[2016-04-16|11:29:03] 没有找到 ERRORCODE_GetSmsCodeNewList 对应的protocol handler
[2016-04-16|11:29:03] 没有找到 ERRORCODE_GetSmsCodeNewListOk 对应的protocol handler
[2016-04-16|11:29:05] MLog clients using log4j logging.
[2016-04-16|11:29:05] Initializing c3p0-0.9.1 [built 16-January-2007 14:46:42; debug? true; trace: 10]
[2016-04-16|11:29:05] HCANN000001: Hibernate Commons Annotations {4.0.5.Final}
[2016-04-16|11:29:05] HHH000412: Hibernate Core {4.3.9.Final}
[2016-04-16|11:29:05] HHH000206: hibernate.properties not found
[2016-04-16|11:29:05] HHH000021: Bytecode provider name : javassist
[2016-04-16|11:29:05] HHH000044: Configuring from URL: file:/F:/app/APP-WorldServer/bin/hibernate.cfg.log.xml
[2016-04-16|11:29:05] HHH000223: Recognized obsolete hibernate namespace http://hibernate.sourceforge.net/. Use namespace http://www.hibernate.org/dtd/ instead. Refer to Hibernate 3.6 Migration Guide!
[2016-04-16|11:29:05] HHH000041: Configured SessionFactory: null
[2016-04-16|11:29:05] Initializing c3p0 pool... com.mchange.v2.c3p0.ComboPooledDataSource [ acquireIncrement -> 3, acquireRetryAttempts -> 30, acquireRetryDelay -> 1000, autoCommitOnClose -> false, automaticTestTable -> null, breakAfterAcquireFailure -> false, checkoutTimeout -> 0, connectionCustomizerClassName -> null, connectionTesterClassName -> com.mchange.v2.c3p0.impl.DefaultConnectionTester, dataSourceName -> 1hge15c9g82thlpq35nat|6e624159, debugUnreturnedConnectionStackTraces -> false, description -> null, driverClass -> com.mysql.jdbc.Driver, factoryClassLocation -> null, forceIgnoreUnresolvedTransactions -> false, identityToken -> 1hge15c9g82thlpq35nat|6e624159, idleConnectionTestPeriod -> 0, initialPoolSize -> 5, jdbcUrl -> jdbc:mysql://192.168.1.12/s_log_1?useUnicode=true&characterEncoding=UTF-8, lastAcquisitionFailureDefaultUser -> null, maxAdministrativeTaskTime -> 0, maxConnectionAge -> 0, maxIdleTime -> 60, maxIdleTimeExcessConnections -> 0, maxPoolSize -> 20, maxStatements -> 0, maxStatementsPerConnection -> 0, minPoolSize -> 1, numHelperThreads -> 3, numThreadsAwaitingCheckoutDefaultUser -> 0, preferredTestQuery -> null, properties -> {user=******, password=******}, propertyCycle -> 0, testConnectionOnCheckin -> false, testConnectionOnCheckout -> false, unreturnedConnectionTimeout -> 0, usesTraditionalReflectiveProxies -> false ]
[2016-04-16|11:29:06] HHH000400: Using dialect: org.hibernate.dialect.MySQLDialect
[2016-04-16|11:29:06] HHH000423: Disabling contextual LOB creation as JDBC driver reported JDBC version [3] less than 4
[2016-04-16|11:29:06] HHH000399: Using default transaction strategy (direct JDBC transactions)
[2016-04-16|11:29:06] HHH000397: Using ASTQueryTranslatorFactory
[2016-04-16|11:29:06] HHH000044: Configuring from URL: file:/F:/app/APP-WorldServer/bin/hibernate.cfg.gameConfig.xml
[2016-04-16|11:29:06] HHH000223: Recognized obsolete hibernate namespace http://hibernate.sourceforge.net/. Use namespace http://www.hibernate.org/dtd/ instead. Refer to Hibernate 3.6 Migration Guide!
[2016-04-16|11:29:06] HHH000041: Configured SessionFactory: null
[2016-04-16|11:29:06] Initializing c3p0 pool... com.mchange.v2.c3p0.ComboPooledDataSource [ acquireIncrement -> 3, acquireRetryAttempts -> 30, acquireRetryDelay -> 1000, autoCommitOnClose -> false, automaticTestTable -> null, breakAfterAcquireFailure -> false, checkoutTimeout -> 0, connectionCustomizerClassName -> null, connectionTesterClassName -> com.mchange.v2.c3p0.impl.DefaultConnectionTester, dataSourceName -> 1hge15c9g82thlpq35nat|33c61cf2, debugUnreturnedConnectionStackTraces -> false, description -> null, driverClass -> com.mysql.jdbc.Driver, factoryClassLocation -> null, forceIgnoreUnresolvedTransactions -> false, identityToken -> 1hge15c9g82thlpq35nat|33c61cf2, idleConnectionTestPeriod -> 0, initialPoolSize -> 2, jdbcUrl -> jdbc:mysql://192.168.1.12/game_config?useUnicode=true&characterEncoding=UTF-8, lastAcquisitionFailureDefaultUser -> null, maxAdministrativeTaskTime -> 0, maxConnectionAge -> 0, maxIdleTime -> 60, maxIdleTimeExcessConnections -> 0, maxPoolSize -> 10, maxStatements -> 0, maxStatementsPerConnection -> 0, minPoolSize -> 1, numHelperThreads -> 3, numThreadsAwaitingCheckoutDefaultUser -> 0, preferredTestQuery -> null, properties -> {user=******, password=******}, propertyCycle -> 0, testConnectionOnCheckin -> false, testConnectionOnCheckout -> false, unreturnedConnectionTimeout -> 0, usesTraditionalReflectiveProxies -> false ]
[2016-04-16|11:29:06] HHH000400: Using dialect: org.hibernate.dialect.MySQLDialect
[2016-04-16|11:29:06] HHH000423: Disabling contextual LOB creation as JDBC driver reported JDBC version [3] less than 4
[2016-04-16|11:29:06] HHH000399: Using default transaction strategy (direct JDBC transactions)
[2016-04-16|11:29:06] HHH000397: Using ASTQueryTranslatorFactory
[2016-04-16|11:29:13] connect auth
[2016-04-16|11:29:13] Account auth connected
[2016-04-16|11:29:13] AccountService connected
[2016-04-16|11:29:13] BattleService connected
[2016-04-16|11:29:13] NearbyService connected
[2016-04-16|11:29:13] 游戏世界服务器启动...
[2016-04-16|11:30:13] 在线人数: 0
[2016-04-16|11:30:13] 7	1460777413584	角色在线数量:0
[2016-04-16|11:30:14] account:af6b0351-e8cf-49f2-a026-e7cb5b1ae4c8
[2016-04-16|11:30:14] AccountID[18459][Login Ok]
[2016-04-16|11:31:13] 在线人数: 0
[2016-04-16|11:31:13] 7	1460777473584	角色在线数量:0
[2016-04-16|11:31:35] SessionClosed SessionId:1----playerId:-1
[2016-04-16|11:31:35] 没有创建 worldPlayer就下线了.
[2016-04-16|11:32:13] 在线人数: 0
[2016-04-16|11:32:13] 7	1460777533590	角色在线数量:0
[2016-04-16|11:33:13] 在线人数: 0
[2016-04-16|11:33:13] 7	1460777593599	角色在线数量:0
[2016-04-16|11:34:13] 在线人数: 0
[2016-04-16|11:34:13] 7	1460777653608	角色在线数量:0
[2016-04-16|11:35:13] 在线人数: 0
[2016-04-16|11:35:13] 7	1460777713608	角色在线数量:0
[2016-04-16|11:36:13] 在线人数: 0
[2016-04-16|11:36:13] 7	1460777773615	角色在线数量:0
[2016-04-16|11:37:13] 在线人数: 0
[2016-04-16|11:37:13] 7	1460777833624	角色在线数量:0
[2016-04-16|11:38:13] 在线人数: 0
[2016-04-16|11:38:13] 7	1460777893624	角色在线数量:0
[2016-04-16|11:39:13] 在线人数: 0
[2016-04-16|11:39:13] 7	1460777953624	角色在线数量:0
[2016-04-16|11:40:13] 在线人数: 0
[2016-04-16|11:40:13] 7	1460778013625	角色在线数量:0
[2016-04-16|11:41:13] 在线人数: 0
[2016-04-16|11:41:13] 7	1460778073625	角色在线数量:0
[2016-04-16|11:42:13] 在线人数: 0
[2016-04-16|11:42:13] 7	1460778133626	角色在线数量:0
[2016-04-16|11:43:13] 在线人数: 0
[2016-04-16|11:43:13] 7	1460778193626	角色在线数量:0
[2016-04-16|11:44:13] 在线人数: 0
[2016-04-16|11:44:13] 7	1460778253626	角色在线数量:0
[2016-04-16|11:45:13] 在线人数: 0
[2016-04-16|11:45:13] 7	1460778313639	角色在线数量:0
[2016-04-16|11:46:13] 在线人数: 0
[2016-04-16|11:46:13] 7	1460778373648	角色在线数量:0
[2016-04-16|11:47:13] 在线人数: 0
[2016-04-16|11:47:13] 7	1460778433661	角色在线数量:0
[2016-04-16|11:48:13] 在线人数: 0
[2016-04-16|11:48:13] 7	1460778493668	角色在线数量:0
[2016-04-16|11:49:13] 在线人数: 0
[2016-04-16|11:49:13] 7	1460778553669	角色在线数量:0
[2016-04-16|11:50:13] 在线人数: 0
[2016-04-16|11:50:13] 7	1460778613672	角色在线数量:0
[2016-04-16|11:51:13] 在线人数: 0
[2016-04-16|11:51:13] 7	1460778673677	角色在线数量:0
[2016-04-16|11:52:13] 在线人数: 0
[2016-04-16|11:52:13] 7	1460778733680	角色在线数量:0
[2016-04-16|11:53:13] 在线人数: 0
[2016-04-16|11:53:13] 7	1460778793685	角色在线数量:0
[2016-04-16|11:54:13] 在线人数: 0
[2016-04-16|11:54:13] 7	1460778853690	角色在线数量:0
[2016-04-16|11:55:13] 在线人数: 0
[2016-04-16|11:55:13] 7	1460778913696	角色在线数量:0
[2016-04-16|11:56:13] 在线人数: 0
[2016-04-16|11:56:13] 7	1460778973702	角色在线数量:0
[2016-04-16|11:57:13] 在线人数: 0
[2016-04-16|11:57:13] 7	1460779033703	角色在线数量:0
[2016-04-16|11:58:13] 在线人数: 0
[2016-04-16|11:58:13] 7	1460779093703	角色在线数量:0
[2016-04-16|11:59:13] 在线人数: 0
[2016-04-16|11:59:13] 7	1460779153719	角色在线数量:0
[2016-04-16|12:00:13] 在线人数: 0
[2016-04-16|12:00:13] 7	1460779213719	角色在线数量:0
[2016-04-16|12:01:13] 在线人数: 0
[2016-04-16|12:01:13] 7	1460779273721	角色在线数量:0
[2016-04-16|12:02:13] 在线人数: 0
[2016-04-16|12:02:13] 7	1460779333722	角色在线数量:0
[2016-04-16|12:03:13] 在线人数: 0
[2016-04-16|12:03:13] 7	1460779393722	角色在线数量:0
[2016-04-16|12:04:13] 在线人数: 0
[2016-04-16|12:04:13] 7	1460779453736	角色在线数量:0
[2016-04-16|12:05:13] 在线人数: 0
[2016-04-16|12:05:13] 7	1460779513740	角色在线数量:0
[2016-04-16|12:06:13] 在线人数: 0
[2016-04-16|12:06:13] 7	1460779573744	角色在线数量:0
[2016-04-16|12:07:13] 在线人数: 0
[2016-04-16|12:07:13] 7	1460779633748	角色在线数量:0
[2016-04-16|12:08:13] 在线人数: 0
[2016-04-16|12:08:13] 7	1460779693757	角色在线数量:0
[2016-04-16|12:09:13] 在线人数: 0
[2016-04-16|12:09:13] 7	1460779753763	角色在线数量:0
[2016-04-16|12:10:13] 在线人数: 0
[2016-04-16|12:10:13] 7	1460779813766	角色在线数量:0
[2016-04-16|12:11:13] 在线人数: 0
[2016-04-16|12:11:13] 7	1460779873773	角色在线数量:0
[2016-04-16|12:12:13] 在线人数: 0
[2016-04-16|12:12:13] 7	1460779933777	角色在线数量:0
[2016-04-16|12:13:13] 在线人数: 0
[2016-04-16|12:13:13] 7	1460779993778	角色在线数量:0
[2016-04-16|12:14:13] 在线人数: 0
[2016-04-16|12:14:13] 7	1460780053778	角色在线数量:0
[2016-04-16|12:15:13] 在线人数: 0
[2016-04-16|12:15:13] 7	1460780113785	角色在线数量:0
[2016-04-16|12:16:13] 在线人数: 0
[2016-04-16|12:16:13] 7	1460780173795	角色在线数量:0
[2016-04-16|12:17:13] 在线人数: 0
[2016-04-16|12:17:13] 7	1460780233800	角色在线数量:0
[2016-04-16|12:18:13] 在线人数: 0
[2016-04-16|12:18:13] 7	1460780293800	角色在线数量:0
[2016-04-16|12:19:13] 在线人数: 0
[2016-04-16|12:19:13] 7	1460780353801	角色在线数量:0
[2016-04-16|12:20:13] 在线人数: 0
[2016-04-16|12:20:13] 7	1460780413805	角色在线数量:0
[2016-04-16|12:21:13] 在线人数: 0
[2016-04-16|12:21:13] 7	1460780473813	角色在线数量:0
[2016-04-16|12:22:13] 在线人数: 0
[2016-04-16|12:22:13] 7	1460780533819	角色在线数量:0
[2016-04-16|12:23:13] 在线人数: 0
[2016-04-16|12:23:13] 7	1460780593820	角色在线数量:0
[2016-04-16|12:24:13] 在线人数: 0
[2016-04-16|12:24:13] 7	1460780653820	角色在线数量:0
[2016-04-16|12:25:13] 在线人数: 0
[2016-04-16|12:25:13] 7	1460780713830	角色在线数量:0
[2016-04-16|12:26:13] 在线人数: 0
[2016-04-16|12:26:13] 7	1460780773834	角色在线数量:0
[2016-04-16|12:27:13] 在线人数: 0
[2016-04-16|12:27:13] 7	1460780833835	角色在线数量:0
[2016-04-16|12:28:13] 在线人数: 0
[2016-04-16|12:28:13] 7	1460780893835	角色在线数量:0
[2016-04-16|12:29:13] 在线人数: 0
[2016-04-16|12:29:13] 7	1460780953836	角色在线数量:0
[2016-04-16|12:30:13] 在线人数: 0
[2016-04-16|12:30:13] 7	1460781013836	角色在线数量:0
[2016-04-16|12:31:13] 在线人数: 0
[2016-04-16|12:31:13] 7	1460781073847	角色在线数量:0
[2016-04-16|12:32:13] 在线人数: 0
[2016-04-16|12:32:13] 7	1460781133848	角色在线数量:0
[2016-04-16|12:33:13] 在线人数: 0
[2016-04-16|12:33:13] 7	1460781193849	角色在线数量:0
[2016-04-16|12:34:13] 在线人数: 0
[2016-04-16|12:34:13] 7	1460781253854	角色在线数量:0
[2016-04-16|12:35:13] 在线人数: 0
[2016-04-16|12:35:13] 7	1460781313855	角色在线数量:0
[2016-04-16|12:36:13] 在线人数: 0
[2016-04-16|12:36:13] 7	1460781373855	角色在线数量:0
[2016-04-16|12:37:13] 在线人数: 0
[2016-04-16|12:37:13] 7	1460781433867	角色在线数量:0
[2016-04-16|12:38:13] 在线人数: 0
[2016-04-16|12:38:13] 7	1460781493869	角色在线数量:0
[2016-04-16|12:39:13] 在线人数: 0
[2016-04-16|12:39:13] 7	1460781553884	角色在线数量:0
[2016-04-16|12:40:13] 在线人数: 0
[2016-04-16|12:40:13] 7	1460781613898	角色在线数量:0
[2016-04-16|12:41:13] 在线人数: 0
[2016-04-16|12:41:13] 7	1460781673898	角色在线数量:0
[2016-04-16|12:42:13] 在线人数: 0
[2016-04-16|12:42:13] 7	1460781733899	角色在线数量:0
[2016-04-16|12:43:13] 在线人数: 0
[2016-04-16|12:43:13] 7	1460781793900	角色在线数量:0
[2016-04-16|12:44:13] 在线人数: 0
[2016-04-16|12:44:13] 7	1460781853900	角色在线数量:0
[2016-04-16|12:45:13] 在线人数: 0
[2016-04-16|12:45:13] 7	1460781913901	角色在线数量:0
[2016-04-16|12:46:13] 在线人数: 0
[2016-04-16|12:46:13] 7	1460781973901	角色在线数量:0
[2016-04-16|12:47:13] 在线人数: 0
[2016-04-16|12:47:13] 7	1460782033901	角色在线数量:0
[2016-04-16|12:48:13] 在线人数: 0
[2016-04-16|12:48:13] 7	1460782093902	角色在线数量:0
[2016-04-16|12:49:13] 在线人数: 0
[2016-04-16|12:49:13] 7	1460782153917	角色在线数量:0
[2016-04-16|12:50:13] 在线人数: 0
[2016-04-16|12:50:13] 7	1460782213917	角色在线数量:0
[2016-04-16|12:51:13] 在线人数: 0
[2016-04-16|12:51:13] 7	1460782273917	角色在线数量:0
[2016-04-16|12:52:13] 在线人数: 0
[2016-04-16|12:52:13] 7	1460782333925	角色在线数量:0
[2016-04-16|12:53:13] 在线人数: 0
[2016-04-16|12:53:13] 7	1460782393937	角色在线数量:0
[2016-04-16|12:54:13] 在线人数: 0
[2016-04-16|12:54:13] 7	1460782453937	角色在线数量:0
[2016-04-16|12:55:13] 在线人数: 0
[2016-04-16|12:55:13] 7	1460782513937	角色在线数量:0
[2016-04-16|12:56:13] 在线人数: 0
[2016-04-16|12:56:13] 7	1460782573938	角色在线数量:0
[2016-04-16|12:57:13] 在线人数: 0
[2016-04-16|12:57:13] 7	1460782633938	角色在线数量:0
[2016-04-16|12:58:13] 在线人数: 0
[2016-04-16|12:58:13] 7	1460782693938	角色在线数量:0
[2016-04-16|12:59:13] 在线人数: 0
[2016-04-16|12:59:13] 7	1460782753939	角色在线数量:0
[2016-04-16|13:00:13] 在线人数: 0
[2016-04-16|13:00:13] 7	1460782813939	角色在线数量:0
[2016-04-16|13:01:13] 在线人数: 0
[2016-04-16|13:01:13] 7	1460782873940	角色在线数量:0
[2016-04-16|13:02:13] 在线人数: 0
[2016-04-16|13:02:13] 7	1460782933943	角色在线数量:0
[2016-04-16|13:03:13] 在线人数: 0
[2016-04-16|13:03:13] 7	1460782993943	角色在线数量:0
[2016-04-16|13:04:13] 在线人数: 0
[2016-04-16|13:04:13] 7	1460783053944	角色在线数量:0
[2016-04-16|13:05:13] 在线人数: 0
[2016-04-16|13:05:13] 7	1460783113944	角色在线数量:0
[2016-04-16|13:06:13] 在线人数: 0
[2016-04-16|13:06:13] 7	1460783173945	角色在线数量:0
[2016-04-16|13:07:13] 在线人数: 0
[2016-04-16|13:07:13] 7	1460783233946	角色在线数量:0
[2016-04-16|13:08:13] 在线人数: 0
[2016-04-16|13:08:13] 7	1460783293946	角色在线数量:0
[2016-04-16|13:09:13] 在线人数: 0
[2016-04-16|13:09:13] 7	1460783353955	角色在线数量:0
[2016-04-16|13:10:13] 在线人数: 0
[2016-04-16|13:10:13] 7	1460783413970	角色在线数量:0
[2016-04-16|13:11:13] 在线人数: 0
[2016-04-16|13:11:13] 7	1460783473970	角色在线数量:0
[2016-04-16|13:12:13] 在线人数: 0
[2016-04-16|13:12:13] 7	1460783533971	角色在线数量:0
[2016-04-16|13:13:13] 在线人数: 0
[2016-04-16|13:13:13] 7	1460783593973	角色在线数量:0
[2016-04-16|13:14:13] 在线人数: 0
[2016-04-16|13:14:13] 7	1460783653984	角色在线数量:0
[2016-04-16|13:15:13] 在线人数: 0
[2016-04-16|13:15:13] 7	1460783713995	角色在线数量:0
[2016-04-16|13:16:13] 在线人数: 0
[2016-04-16|13:16:13] 7	1460783773995	角色在线数量:0
[2016-04-16|13:17:13] 在线人数: 0
[2016-04-16|13:17:13] 7	1460783833996	角色在线数量:0
[2016-04-16|13:18:13] 在线人数: 0
[2016-04-16|13:18:13] 7	1460783893996	角色在线数量:0
[2016-04-16|13:19:13] 在线人数: 0
[2016-04-16|13:19:13] 7	1460783953999	角色在线数量:0
[2016-04-16|13:20:14] 在线人数: 0
[2016-04-16|13:20:14] 7	1460784014006	角色在线数量:0
[2016-04-16|13:21:14] 在线人数: 0
[2016-04-16|13:21:14] 7	1460784074021	角色在线数量:0
[2016-04-16|13:22:14] 在线人数: 0
[2016-04-16|13:22:14] 7	1460784134028	角色在线数量:0
[2016-04-16|13:23:14] 在线人数: 0
[2016-04-16|13:23:14] 7	1460784194029	角色在线数量:0
[2016-04-16|13:24:14] 在线人数: 0
[2016-04-16|13:24:14] 7	1460784254030	角色在线数量:0
[2016-04-16|13:25:14] 在线人数: 0
[2016-04-16|13:25:14] 7	1460784314031	角色在线数量:0
[2016-04-16|13:26:14] 在线人数: 0
[2016-04-16|13:26:14] 7	1460784374034	角色在线数量:0
[2016-04-16|13:27:14] 在线人数: 0
[2016-04-16|13:27:14] 7	1460784434034	角色在线数量:0
[2016-04-16|13:28:14] 在线人数: 0
[2016-04-16|13:28:14] 7	1460784494034	角色在线数量:0
[2016-04-16|13:29:14] 在线人数: 0
[2016-04-16|13:29:14] 7	1460784554035	角色在线数量:0
[2016-04-16|13:30:14] 在线人数: 0
[2016-04-16|13:30:14] 7	1460784614035	角色在线数量:0
[2016-04-16|13:31:14] 在线人数: 0
[2016-04-16|13:31:14] 7	1460784674044	角色在线数量:0
[2016-04-16|13:32:14] 在线人数: 0
[2016-04-16|13:32:14] 7	1460784734050	角色在线数量:0
[2016-04-16|13:33:14] 在线人数: 0
[2016-04-16|13:33:14] 7	1460784794059	角色在线数量:0
[2016-04-16|13:34:14] 在线人数: 0
[2016-04-16|13:34:14] 7	1460784854064	角色在线数量:0
[2016-04-16|13:35:14] 在线人数: 0
[2016-04-16|13:35:14] 7	1460784914073	角色在线数量:0
[2016-04-16|13:36:14] 在线人数: 0
[2016-04-16|13:36:14] 7	1460784974086	角色在线数量:0
[2016-04-16|13:37:14] 在线人数: 0
[2016-04-16|13:37:14] 7	1460785034087	角色在线数量:0
[2016-04-16|13:38:14] 在线人数: 0
[2016-04-16|13:38:14] 7	1460785094098	角色在线数量:0
[2016-04-16|13:39:14] 在线人数: 0
[2016-04-16|13:39:14] 7	1460785154111	角色在线数量:0
[2016-04-16|13:40:14] 在线人数: 0
[2016-04-16|13:40:14] 7	1460785214112	角色在线数量:0
[2016-04-16|13:41:14] 在线人数: 0
[2016-04-16|13:41:14] 7	1460785274122	角色在线数量:0
[2016-04-16|13:42:14] 在线人数: 0
[2016-04-16|13:42:14] 7	1460785334124	角色在线数量:0
[2016-04-16|13:43:14] 在线人数: 0
[2016-04-16|13:43:14] 7	1460785394125	角色在线数量:0
[2016-04-16|13:44:14] 在线人数: 0
[2016-04-16|13:44:14] 7	1460785454125	角色在线数量:0
[2016-04-16|13:45:14] 在线人数: 0
[2016-04-16|13:45:14] 7	1460785514125	角色在线数量:0
[2016-04-16|13:46:14] 在线人数: 0
[2016-04-16|13:46:14] 7	1460785574126	角色在线数量:0
[2016-04-16|13:47:14] 在线人数: 0
[2016-04-16|13:47:14] 7	1460785634126	角色在线数量:0
[2016-04-16|13:48:14] 在线人数: 0
[2016-04-16|13:48:14] 7	1460785694127	角色在线数量:0
[2016-04-16|13:49:14] 在线人数: 0
[2016-04-16|13:49:14] 7	1460785754137	角色在线数量:0
[2016-04-16|13:50:14] 在线人数: 0
[2016-04-16|13:50:14] 7	1460785814138	角色在线数量:0
[2016-04-16|13:51:14] 在线人数: 0
[2016-04-16|13:51:14] 7	1460785874147	角色在线数量:0
[2016-04-16|13:52:14] 在线人数: 0
[2016-04-16|13:52:14] 7	1460785934148	角色在线数量:0
[2016-04-16|13:53:14] 在线人数: 0
[2016-04-16|13:53:14] 7	1460785994148	角色在线数量:0
[2016-04-16|13:54:14] 在线人数: 0
[2016-04-16|13:54:14] 7	1460786054149	角色在线数量:0
[2016-04-16|13:55:14] 在线人数: 0
[2016-04-16|13:55:14] 7	1460786114157	角色在线数量:0
[2016-04-16|13:56:14] 在线人数: 0
[2016-04-16|13:56:14] 7	1460786174165	角色在线数量:0
[2016-04-16|13:57:14] 在线人数: 0
[2016-04-16|13:57:14] 7	1460786234165	角色在线数量:0
[2016-04-16|13:58:14] 在线人数: 0
[2016-04-16|13:58:14] 7	1460786294166	角色在线数量:0
[2016-04-16|13:59:14] 在线人数: 0
[2016-04-16|13:59:14] 7	1460786354177	角色在线数量:0
[2016-04-16|14:00:14] 在线人数: 0
[2016-04-16|14:00:14] 7	1460786414179	角色在线数量:0
[2016-04-16|14:01:14] 在线人数: 0
[2016-04-16|14:01:14] 7	1460786474192	角色在线数量:0
[2016-04-16|14:02:14] 在线人数: 0
[2016-04-16|14:02:14] 7	1460786534198	角色在线数量:0
[2016-04-16|14:03:14] 在线人数: 0
[2016-04-16|14:03:14] 7	1460786594207	角色在线数量:0
[2016-04-16|14:04:14] 在线人数: 0
[2016-04-16|14:04:14] 7	1460786654214	角色在线数量:0
[2016-04-16|14:05:14] 在线人数: 0
[2016-04-16|14:05:14] 7	1460786714228	角色在线数量:0
[2016-04-16|14:06:14] 在线人数: 0
[2016-04-16|14:06:14] 7	1460786774240	角色在线数量:0
[2016-04-16|14:07:14] 在线人数: 0
[2016-04-16|14:07:14] 7	1460786834251	角色在线数量:0
[2016-04-16|14:08:14] 在线人数: 0
[2016-04-16|14:08:14] 7	1460786894265	角色在线数量:0
[2016-04-16|14:09:14] 在线人数: 0
[2016-04-16|14:09:14] 7	1460786954277	角色在线数量:0
[2016-04-16|14:10:14] 在线人数: 0
[2016-04-16|14:10:14] 7	1460787014287	角色在线数量:0
[2016-04-16|14:11:14] 在线人数: 0
[2016-04-16|14:11:14] 7	1460787074288	角色在线数量:0
[2016-04-16|14:12:14] 在线人数: 0
[2016-04-16|14:12:14] 7	1460787134298	角色在线数量:0
[2016-04-16|14:12:30] java.io.IOException: 远程主机强迫关闭了一个现有的连接。
java.io.IOException: 远程主机强迫关闭了一个现有的连接。
	at sun.nio.ch.SocketDispatcher.read0(Native Method)
	at sun.nio.ch.SocketDispatcher.read(SocketDispatcher.java:43)
	at sun.nio.ch.IOUtil.readIntoNativeBuffer(IOUtil.java:223)
	at sun.nio.ch.IOUtil.read(IOUtil.java:197)
	at sun.nio.ch.SocketChannelImpl.read(SocketChannelImpl.java:379)
	at org.apache.mina.transport.socket.nio.NioProcessor.read(NioProcessor.java:280)
	at org.apache.mina.transport.socket.nio.NioProcessor.read(NioProcessor.java:44)
	at org.apache.mina.core.polling.AbstractPollingIoProcessor.read(AbstractPollingIoProcessor.java:677)
	at org.apache.mina.core.polling.AbstractPollingIoProcessor.process(AbstractPollingIoProcessor.java:651)
	at org.apache.mina.core.polling.AbstractPollingIoProcessor.process(AbstractPollingIoProcessor.java:640)
	at org.apache.mina.core.polling.AbstractPollingIoProcessor.access$600(AbstractPollingIoProcessor.java:67)
	at org.apache.mina.core.polling.AbstractPollingIoProcessor$Processor.run(AbstractPollingIoProcessor.java:1111)
	at org.apache.mina.util.NamePreservingRunnable.run(NamePreservingRunnable.java:64)
	at java.util.concurrent.ThreadPoolExecutor.runWorker(ThreadPoolExecutor.java:1145)
	at java.util.concurrent.ThreadPoolExecutor$Worker.run(ThreadPoolExecutor.java:615)
	at java.lang.Thread.run(Thread.java:745)
[2016-04-16|14:12:30] CN dis closed
